mode: atomic
github.com/alexcabrera/ayo/internal/debug/debug.go:32.13,36.2 2 1
github.com/alexcabrera/ayo/internal/debug/debug.go:39.25,43.2 3 13
github.com/alexcabrera/ayo/internal/debug/debug.go:46.23,50.2 3 8
github.com/alexcabrera/ayo/internal/debug/debug.go:53.29,57.2 3 10
github.com/alexcabrera/ayo/internal/debug/debug.go:60.29,64.2 3 0
github.com/alexcabrera/ayo/internal/debug/debug.go:70.35,72.14 2 2
github.com/alexcabrera/ayo/internal/debug/debug.go:72.14,75.3 2 1
github.com/alexcabrera/ayo/internal/debug/debug.go:76.2,86.16 8 1
github.com/alexcabrera/ayo/internal/debug/debug.go:86.16,90.3 3 0
github.com/alexcabrera/ayo/internal/debug/debug.go:92.2,96.38 3 1
github.com/alexcabrera/ayo/internal/debug/debug.go:96.38,103.3 6 1
github.com/alexcabrera/ayo/internal/debug/debug.go:105.2,106.28 2 1
github.com/alexcabrera/ayo/internal/debug/debug.go:112.39,114.14 2 1
github.com/alexcabrera/ayo/internal/debug/debug.go:114.14,117.3 2 0
github.com/alexcabrera/ayo/internal/debug/debug.go:118.2,128.16 8 1
github.com/alexcabrera/ayo/internal/debug/debug.go:128.16,132.3 3 0
github.com/alexcabrera/ayo/internal/debug/debug.go:134.2,138.28 4 1
github.com/alexcabrera/ayo/internal/debug/debug.go:143.36,145.14 2 1
github.com/alexcabrera/ayo/internal/debug/debug.go:145.14,148.3 2 0
github.com/alexcabrera/ayo/internal/debug/debug.go:149.2,153.59 4 1
github.com/alexcabrera/ayo/internal/debug/debug.go:157.32,158.25 1 7
github.com/alexcabrera/ayo/internal/debug/debug.go:159.14,160.42 1 3
github.com/alexcabrera/ayo/internal/debug/debug.go:160.42,162.4 1 1
github.com/alexcabrera/ayo/internal/debug/debug.go:163.3,163.13 1 2
github.com/alexcabrera/ayo/internal/debug/debug.go:164.14,165.40 1 0
github.com/alexcabrera/ayo/internal/debug/debug.go:166.13,167.40 1 1
github.com/alexcabrera/ayo/internal/debug/debug.go:168.21,169.22 1 1
github.com/alexcabrera/ayo/internal/debug/debug.go:170.17,171.34 1 0
github.com/alexcabrera/ayo/internal/debug/debug.go:172.10,173.25 1 2
github.com/alexcabrera/ayo/internal/debug/debug.go:178.41,180.2 1 1
github.com/alexcabrera/ayo/internal/debug/debug.go:188.47,190.14 2 1
github.com/alexcabrera/ayo/internal/debug/debug.go:190.14,193.3 2 0
github.com/alexcabrera/ayo/internal/debug/debug.go:194.2,206.38 10 1
github.com/alexcabrera/ayo/internal/debug/debug.go:206.38,213.3 6 1
github.com/alexcabrera/ayo/internal/debug/debug.go:215.2,216.28 2 1
github.com/alexcabrera/ayo/internal/debug/debug.go:220.51,222.14 2 0
github.com/alexcabrera/ayo/internal/debug/debug.go:222.14,225.3 2 0
github.com/alexcabrera/ayo/internal/debug/debug.go:226.2,239.28 11 0
github.com/alexcabrera/ayo/internal/delegates/delegates.go:70.43,71.11 1 0
github.com/alexcabrera/ayo/internal/delegates/delegates.go:72.23,73.21 1 0
github.com/alexcabrera/ayo/internal/delegates/delegates.go:74.19,75.17 1 0
github.com/alexcabrera/ayo/internal/delegates/delegates.go:76.20,77.18 1 0
github.com/alexcabrera/ayo/internal/delegates/delegates.go:78.10,79.16 1 0
github.com/alexcabrera/ayo/internal/delegates/delegates.go:85.103,90.22 3 6
github.com/alexcabrera/ayo/internal/delegates/delegates.go:90.22,91.67 1 1
github.com/alexcabrera/ayo/internal/delegates/delegates.go:91.67,97.4 1 1
github.com/alexcabrera/ayo/internal/delegates/delegates.go:101.2,101.27 1 5
github.com/alexcabrera/ayo/internal/delegates/delegates.go:101.27,102.62 1 2
github.com/alexcabrera/ayo/internal/delegates/delegates.go:102.62,107.4 1 2
github.com/alexcabrera/ayo/internal/delegates/delegates.go:111.2,111.32 1 3
github.com/alexcabrera/ayo/internal/delegates/delegates.go:111.32,112.67 1 1
github.com/alexcabrera/ayo/internal/delegates/delegates.go:112.67,118.4 1 1
github.com/alexcabrera/ayo/internal/delegates/delegates.go:121.2,121.21 1 2
github.com/alexcabrera/ayo/internal/delegates/delegates.go:125.132,127.21 2 1
github.com/alexcabrera/ayo/internal/delegates/delegates.go:127.21,132.3 1 1
github.com/alexcabrera/ayo/internal/delegates/delegates.go:133.2,133.12 1 0
github.com/alexcabrera/ayo/internal/delegates/delegates.go:138.55,140.16 2 9
github.com/alexcabrera/ayo/internal/delegates/delegates.go:140.16,142.3 1 0
github.com/alexcabrera/ayo/internal/delegates/delegates.go:144.2,145.22 2 9
github.com/alexcabrera/ayo/internal/delegates/delegates.go:145.22,147.3 1 6
github.com/alexcabrera/ayo/internal/delegates/delegates.go:149.2,150.16 2 3
github.com/alexcabrera/ayo/internal/delegates/delegates.go:150.16,152.3 1 0
github.com/alexcabrera/ayo/internal/delegates/delegates.go:154.2,155.57 2 3
github.com/alexcabrera/ayo/internal/delegates/delegates.go:155.57,157.3 1 0
github.com/alexcabrera/ayo/internal/delegates/delegates.go:159.2,159.31 1 3
github.com/alexcabrera/ayo/internal/delegates/delegates.go:163.68,167.16 3 0
github.com/alexcabrera/ayo/internal/delegates/delegates.go:167.16,168.25 1 0
github.com/alexcabrera/ayo/internal/delegates/delegates.go:168.25,170.4 1 0
github.com/alexcabrera/ayo/internal/delegates/delegates.go:171.3,171.18 1 0
github.com/alexcabrera/ayo/internal/delegates/delegates.go:174.2,175.57 2 0
github.com/alexcabrera/ayo/internal/delegates/delegates.go:175.57,177.3 1 0
github.com/alexcabrera/ayo/internal/delegates/delegates.go:179.2,179.24 1 0
github.com/alexcabrera/ayo/internal/delegates/delegates.go:184.99,188.32 2 1
github.com/alexcabrera/ayo/internal/delegates/delegates.go:188.32,189.41 1 1
github.com/alexcabrera/ayo/internal/delegates/delegates.go:189.41,191.4 1 1
github.com/alexcabrera/ayo/internal/delegates/delegates.go:195.2,195.27 1 1
github.com/alexcabrera/ayo/internal/delegates/delegates.go:195.27,196.36 1 1
github.com/alexcabrera/ayo/internal/delegates/delegates.go:196.36,198.4 1 1
github.com/alexcabrera/ayo/internal/delegates/delegates.go:202.2,203.52 2 1
github.com/alexcabrera/ayo/internal/delegates/delegates.go:203.52,204.41 1 1
github.com/alexcabrera/ayo/internal/delegates/delegates.go:204.41,206.4 1 1
github.com/alexcabrera/ayo/internal/delegates/delegates.go:209.2,209.15 1 1
github.com/alexcabrera/ayo/internal/delegates/delegates.go:213.44,214.18 1 8
github.com/alexcabrera/ayo/internal/delegates/delegates.go:214.18,216.3 1 0
github.com/alexcabrera/ayo/internal/delegates/delegates.go:217.2,217.37 1 8
github.com/alexcabrera/ayo/internal/delegates/delegates.go:217.37,219.3 1 1
github.com/alexcabrera/ayo/internal/delegates/delegates.go:220.2,220.15 1 7
github.com/alexcabrera/ayo/internal/delegates/delegates.go:224.66,228.16 3 1
github.com/alexcabrera/ayo/internal/delegates/delegates.go:228.16,230.3 1 0
github.com/alexcabrera/ayo/internal/delegates/delegates.go:232.2,232.46 1 1
github.com/alexcabrera/ayo/internal/builtin/builtin.go:48.28,50.16 2 2
github.com/alexcabrera/ayo/internal/builtin/builtin.go:50.16,52.3 1 0
github.com/alexcabrera/ayo/internal/builtin/builtin.go:54.2,55.32 2 2
github.com/alexcabrera/ayo/internal/builtin/builtin.go:55.32,56.20 1 2
github.com/alexcabrera/ayo/internal/builtin/builtin.go:56.20,59.4 1 2
github.com/alexcabrera/ayo/internal/builtin/builtin.go:61.2,62.16 2 2
github.com/alexcabrera/ayo/internal/builtin/builtin.go:66.35,68.37 1 4
github.com/alexcabrera/ayo/internal/builtin/builtin.go:68.37,70.3 1 1
github.com/alexcabrera/ayo/internal/builtin/builtin.go:71.2,72.19 2 4
github.com/alexcabrera/ayo/internal/builtin/builtin.go:76.56,78.37 1 3
github.com/alexcabrera/ayo/internal/builtin/builtin.go:78.37,80.3 1 0
github.com/alexcabrera/ayo/internal/builtin/builtin.go:81.2,89.16 4 3
github.com/alexcabrera/ayo/internal/builtin/builtin.go:89.16,90.65 1 2
github.com/alexcabrera/ayo/internal/builtin/builtin.go:90.65,92.4 1 0
github.com/alexcabrera/ayo/internal/builtin/builtin.go:93.3,93.43 1 2
github.com/alexcabrera/ayo/internal/builtin/builtin.go:97.2,98.16 2 3
github.com/alexcabrera/ayo/internal/builtin/builtin.go:98.16,100.3 1 1
github.com/alexcabrera/ayo/internal/builtin/builtin.go:101.2,106.16 4 2
github.com/alexcabrera/ayo/internal/builtin/builtin.go:106.16,107.38 1 2
github.com/alexcabrera/ayo/internal/builtin/builtin.go:107.38,108.21 1 2
github.com/alexcabrera/ayo/internal/builtin/builtin.go:108.21,110.19 2 2
github.com/alexcabrera/ayo/internal/builtin/builtin.go:110.19,112.6 1 2
github.com/alexcabrera/ayo/internal/builtin/builtin.go:117.2,117.17 1 2
github.com/alexcabrera/ayo/internal/builtin/builtin.go:120.59,125.16 3 2
github.com/alexcabrera/ayo/internal/builtin/builtin.go:125.16,127.3 1 0
github.com/alexcabrera/ayo/internal/builtin/builtin.go:129.2,132.39 2 2
github.com/alexcabrera/ayo/internal/builtin/builtin.go:132.39,134.22 2 2
github.com/alexcabrera/ayo/internal/builtin/builtin.go:134.22,137.58 2 2
github.com/alexcabrera/ayo/internal/builtin/builtin.go:137.58,139.41 2 14
github.com/alexcabrera/ayo/internal/builtin/builtin.go:139.41,141.6 1 2
github.com/alexcabrera/ayo/internal/builtin/builtin.go:141.11,141.55 1 12
github.com/alexcabrera/ayo/internal/builtin/builtin.go:141.55,143.6 1 2
github.com/alexcabrera/ayo/internal/builtin/builtin.go:145.4,145.47 1 2
github.com/alexcabrera/ayo/internal/builtin/builtin.go:147.8,149.3 1 0
github.com/alexcabrera/ayo/internal/builtin/builtin.go:152.2,152.22 1 2
github.com/alexcabrera/ayo/internal/builtin/builtin.go:152.22,154.3 1 0
github.com/alexcabrera/ayo/internal/builtin/builtin.go:156.2,156.19 1 2
github.com/alexcabrera/ayo/internal/builtin/builtin.go:160.17,163.2 2 0
github.com/alexcabrera/ayo/internal/builtin/builtin.go:173.34,176.33 3 1
github.com/alexcabrera/ayo/internal/builtin/builtin.go:176.33,178.17 2 1
github.com/alexcabrera/ayo/internal/builtin/builtin.go:178.17,179.12 1 0
github.com/alexcabrera/ayo/internal/builtin/builtin.go:181.3,185.5 1 1
github.com/alexcabrera/ayo/internal/builtin/builtin.go:187.2,187.14 1 1
github.com/alexcabrera/ayo/internal/builtin/install.go:26.53,32.16 4 0
github.com/alexcabrera/ayo/internal/builtin/install.go:32.16,34.3 1 0
github.com/alexcabrera/ayo/internal/builtin/install.go:36.2,36.32 1 0
github.com/alexcabrera/ayo/internal/builtin/install.go:36.32,37.21 1 0
github.com/alexcabrera/ayo/internal/builtin/install.go:37.21,38.12 1 0
github.com/alexcabrera/ayo/internal/builtin/install.go:41.3,45.61 3 0
github.com/alexcabrera/ayo/internal/builtin/install.go:45.61,46.12 1 0
github.com/alexcabrera/ayo/internal/builtin/install.go:50.3,51.17 2 0
github.com/alexcabrera/ayo/internal/builtin/install.go:51.17,52.12 1 0
github.com/alexcabrera/ayo/internal/builtin/install.go:55.3,55.29 1 0
github.com/alexcabrera/ayo/internal/builtin/install.go:55.29,61.4 1 0
github.com/alexcabrera/ayo/internal/builtin/install.go:64.2,64.22 1 0
github.com/alexcabrera/ayo/internal/builtin/install.go:68.71,72.94 3 0
github.com/alexcabrera/ayo/internal/builtin/install.go:72.94,73.17 1 0
github.com/alexcabrera/ayo/internal/builtin/install.go:73.17,75.4 1 0
github.com/alexcabrera/ayo/internal/builtin/install.go:77.3,77.16 1 0
github.com/alexcabrera/ayo/internal/builtin/install.go:77.16,79.4 1 0
github.com/alexcabrera/ayo/internal/builtin/install.go:82.3,87.17 4 0
github.com/alexcabrera/ayo/internal/builtin/install.go:87.17,89.4 1 0
github.com/alexcabrera/ayo/internal/builtin/install.go:92.3,93.17 2 0
github.com/alexcabrera/ayo/internal/builtin/install.go:93.17,94.26 1 0
github.com/alexcabrera/ayo/internal/builtin/install.go:94.26,97.5 1 0
github.com/alexcabrera/ayo/internal/builtin/install.go:98.4,98.14 1 0
github.com/alexcabrera/ayo/internal/builtin/install.go:102.3,102.48 1 0
github.com/alexcabrera/ayo/internal/builtin/install.go:102.48,104.4 1 0
github.com/alexcabrera/ayo/internal/builtin/install.go:106.3,106.13 1 0
github.com/alexcabrera/ayo/internal/builtin/install.go:109.2,109.16 1 0
github.com/alexcabrera/ayo/internal/builtin/install.go:109.16,111.3 1 0
github.com/alexcabrera/ayo/internal/builtin/install.go:114.2,114.89 1 0
github.com/alexcabrera/ayo/internal/builtin/install.go:114.89,115.17 1 0
github.com/alexcabrera/ayo/internal/builtin/install.go:115.17,117.4 1 0
github.com/alexcabrera/ayo/internal/builtin/install.go:119.3,119.16 1 0
github.com/alexcabrera/ayo/internal/builtin/install.go:119.16,121.4 1 0
github.com/alexcabrera/ayo/internal/builtin/install.go:123.3,126.60 3 0
github.com/alexcabrera/ayo/internal/builtin/install.go:126.60,129.4 1 0
github.com/alexcabrera/ayo/internal/builtin/install.go:131.3,131.13 1 0
github.com/alexcabrera/ayo/internal/builtin/install.go:134.2,134.27 1 0
github.com/alexcabrera/ayo/internal/builtin/install.go:139.22,143.32 2 2
github.com/alexcabrera/ayo/internal/builtin/install.go:143.32,145.3 1 2
github.com/alexcabrera/ayo/internal/builtin/install.go:147.2,148.12 2 0
github.com/alexcabrera/ayo/internal/builtin/install.go:153.37,160.55 5 0
github.com/alexcabrera/ayo/internal/builtin/install.go:160.55,162.3 1 0
github.com/alexcabrera/ayo/internal/builtin/install.go:163.2,163.61 1 0
github.com/alexcabrera/ayo/internal/builtin/install.go:163.61,165.3 1 0
github.com/alexcabrera/ayo/internal/builtin/install.go:166.2,166.62 1 0
github.com/alexcabrera/ayo/internal/builtin/install.go:166.62,168.3 1 0
github.com/alexcabrera/ayo/internal/builtin/install.go:171.2,171.50 1 0
github.com/alexcabrera/ayo/internal/builtin/install.go:171.50,173.3 1 0
github.com/alexcabrera/ayo/internal/builtin/install.go:176.2,176.56 1 0
github.com/alexcabrera/ayo/internal/builtin/install.go:176.56,178.3 1 0
github.com/alexcabrera/ayo/internal/builtin/install.go:181.2,181.58 1 0
github.com/alexcabrera/ayo/internal/builtin/install.go:181.58,183.3 1 0
github.com/alexcabrera/ayo/internal/builtin/install.go:186.2,186.46 1 0
github.com/alexcabrera/ayo/internal/builtin/install.go:186.46,188.3 1 0
github.com/alexcabrera/ayo/internal/builtin/install.go:191.2,191.74 1 0
github.com/alexcabrera/ayo/internal/builtin/install.go:191.74,193.3 1 0
github.com/alexcabrera/ayo/internal/builtin/install.go:195.2,195.24 1 0
github.com/alexcabrera/ayo/internal/builtin/install.go:199.44,201.16 2 2
github.com/alexcabrera/ayo/internal/builtin/install.go:201.16,203.3 1 0
github.com/alexcabrera/ayo/internal/builtin/install.go:204.2,204.32 1 2
github.com/alexcabrera/ayo/internal/builtin/install.go:208.45,209.90 1 0
github.com/alexcabrera/ayo/internal/builtin/install.go:209.90,210.17 1 0
github.com/alexcabrera/ayo/internal/builtin/install.go:210.17,212.4 1 0
github.com/alexcabrera/ayo/internal/builtin/install.go:215.3,215.23 1 0
github.com/alexcabrera/ayo/internal/builtin/install.go:215.23,217.4 1 0
github.com/alexcabrera/ayo/internal/builtin/install.go:220.3,223.16 3 0
github.com/alexcabrera/ayo/internal/builtin/install.go:223.16,225.4 1 0
github.com/alexcabrera/ayo/internal/builtin/install.go:228.3,229.17 2 0
github.com/alexcabrera/ayo/internal/builtin/install.go:229.17,231.4 1 0
github.com/alexcabrera/ayo/internal/builtin/install.go:234.3,234.61 1 0
github.com/alexcabrera/ayo/internal/builtin/install.go:234.61,236.4 1 0
github.com/alexcabrera/ayo/internal/builtin/install.go:238.3,238.13 1 0
github.com/alexcabrera/ayo/internal/builtin/install.go:243.45,244.90 1 0
github.com/alexcabrera/ayo/internal/builtin/install.go:244.90,245.17 1 0
github.com/alexcabrera/ayo/internal/builtin/install.go:245.17,247.4 1 0
github.com/alexcabrera/ayo/internal/builtin/install.go:250.3,250.23 1 0
github.com/alexcabrera/ayo/internal/builtin/install.go:250.23,252.4 1 0
github.com/alexcabrera/ayo/internal/builtin/install.go:255.3,258.16 3 0
github.com/alexcabrera/ayo/internal/builtin/install.go:258.16,260.4 1 0
github.com/alexcabrera/ayo/internal/builtin/install.go:263.3,264.17 2 0
github.com/alexcabrera/ayo/internal/builtin/install.go:264.17,266.4 1 0
github.com/alexcabrera/ayo/internal/builtin/install.go:269.3,269.61 1 0
github.com/alexcabrera/ayo/internal/builtin/install.go:269.61,271.4 1 0
github.com/alexcabrera/ayo/internal/builtin/install.go:273.3,273.13 1 0
github.com/alexcabrera/ayo/internal/builtin/install.go:278.24,286.2 6 0
github.com/alexcabrera/ayo/internal/builtin/install.go:289.46,291.41 1 2
github.com/alexcabrera/ayo/internal/builtin/install.go:291.41,293.3 1 0
github.com/alexcabrera/ayo/internal/builtin/install.go:294.2,294.44 1 2
github.com/alexcabrera/ayo/internal/builtin/install.go:298.38,302.2 3 1
github.com/alexcabrera/ayo/internal/builtin/install.go:306.26,308.2 1 3
github.com/alexcabrera/ayo/internal/builtin/install.go:312.32,314.2 1 3
github.com/alexcabrera/ayo/internal/builtin/install.go:317.27,319.2 1 3
github.com/alexcabrera/ayo/internal/builtin/install.go:322.44,324.2 1 2
github.com/alexcabrera/ayo/internal/builtin/install.go:327.41,331.2 3 1
github.com/alexcabrera/ayo/internal/builtin/install.go:335.33,337.2 1 0
github.com/alexcabrera/ayo/internal/builtin/install.go:340.46,341.92 1 0
github.com/alexcabrera/ayo/internal/builtin/install.go:341.92,342.17 1 0
github.com/alexcabrera/ayo/internal/builtin/install.go:342.17,344.4 1 0
github.com/alexcabrera/ayo/internal/builtin/install.go:347.3,347.24 1 0
github.com/alexcabrera/ayo/internal/builtin/install.go:347.24,349.4 1 0
github.com/alexcabrera/ayo/internal/builtin/install.go:352.3,355.16 3 0
github.com/alexcabrera/ayo/internal/builtin/install.go:355.16,357.4 1 0
github.com/alexcabrera/ayo/internal/builtin/install.go:360.3,361.17 2 0
github.com/alexcabrera/ayo/internal/builtin/install.go:361.17,363.4 1 0
github.com/alexcabrera/ayo/internal/builtin/install.go:366.3,366.61 1 0
github.com/alexcabrera/ayo/internal/builtin/install.go:366.61,368.4 1 0
github.com/alexcabrera/ayo/internal/builtin/install.go:369.3,369.13 1 0
github.com/alexcabrera/ayo/internal/builtin/install.go:382.53,388.16 4 0
github.com/alexcabrera/ayo/internal/builtin/install.go:388.16,390.3 1 0
github.com/alexcabrera/ayo/internal/builtin/install.go:392.2,392.32 1 0
github.com/alexcabrera/ayo/internal/builtin/install.go:392.32,393.21 1 0
github.com/alexcabrera/ayo/internal/builtin/install.go:393.21,394.12 1 0
github.com/alexcabrera/ayo/internal/builtin/install.go:397.3,401.61 3 0
github.com/alexcabrera/ayo/internal/builtin/install.go:401.61,402.12 1 0
github.com/alexcabrera/ayo/internal/builtin/install.go:406.3,407.17 2 0
github.com/alexcabrera/ayo/internal/builtin/install.go:407.17,408.12 1 0
github.com/alexcabrera/ayo/internal/builtin/install.go:411.3,411.29 1 0
github.com/alexcabrera/ayo/internal/builtin/install.go:411.29,417.4 1 0
github.com/alexcabrera/ayo/internal/builtin/install.go:420.2,420.22 1 0
github.com/alexcabrera/ayo/internal/builtin/install.go:424.74,428.94 3 0
github.com/alexcabrera/ayo/internal/builtin/install.go:428.94,429.17 1 0
github.com/alexcabrera/ayo/internal/builtin/install.go:429.17,431.4 1 0
github.com/alexcabrera/ayo/internal/builtin/install.go:433.3,433.16 1 0
github.com/alexcabrera/ayo/internal/builtin/install.go:433.16,435.4 1 0
github.com/alexcabrera/ayo/internal/builtin/install.go:438.3,443.17 4 0
github.com/alexcabrera/ayo/internal/builtin/install.go:443.17,445.4 1 0
github.com/alexcabrera/ayo/internal/builtin/install.go:448.3,449.17 2 0
github.com/alexcabrera/ayo/internal/builtin/install.go:449.17,450.26 1 0
github.com/alexcabrera/ayo/internal/builtin/install.go:450.26,453.5 1 0
github.com/alexcabrera/ayo/internal/builtin/install.go:454.4,454.14 1 0
github.com/alexcabrera/ayo/internal/builtin/install.go:458.3,458.48 1 0
github.com/alexcabrera/ayo/internal/builtin/install.go:458.48,460.4 1 0
github.com/alexcabrera/ayo/internal/builtin/install.go:462.3,462.13 1 0
github.com/alexcabrera/ayo/internal/builtin/install.go:465.2,465.16 1 0
github.com/alexcabrera/ayo/internal/builtin/install.go:465.16,467.3 1 0
github.com/alexcabrera/ayo/internal/builtin/install.go:470.2,470.89 1 0
github.com/alexcabrera/ayo/internal/builtin/install.go:470.89,471.17 1 0
github.com/alexcabrera/ayo/internal/builtin/install.go:471.17,473.4 1 0
github.com/alexcabrera/ayo/internal/builtin/install.go:475.3,475.16 1 0
github.com/alexcabrera/ayo/internal/builtin/install.go:475.16,477.4 1 0
github.com/alexcabrera/ayo/internal/builtin/install.go:479.3,482.60 3 0
github.com/alexcabrera/ayo/internal/builtin/install.go:482.60,485.4 1 0
github.com/alexcabrera/ayo/internal/builtin/install.go:487.3,487.13 1 0
github.com/alexcabrera/ayo/internal/builtin/install.go:490.2,490.27 1 0
github.com/alexcabrera/ayo/internal/builtin/install.go:495.32,497.2 1 0
github.com/alexcabrera/ayo/internal/builtin/install.go:500.34,501.28 1 0
github.com/alexcabrera/ayo/internal/builtin/install.go:501.28,503.3 1 0
github.com/alexcabrera/ayo/internal/builtin/install.go:505.2,508.62 2 0
github.com/alexcabrera/ayo/internal/builtin/install.go:508.62,510.3 1 0
github.com/alexcabrera/ayo/internal/builtin/install.go:513.2,513.70 1 0
github.com/alexcabrera/ayo/internal/builtin/install.go:513.70,515.3 1 0
github.com/alexcabrera/ayo/internal/builtin/install.go:517.2,517.12 1 0
github.com/alexcabrera/ayo/internal/builtin/skills.go:22.35,24.16 2 2
github.com/alexcabrera/ayo/internal/builtin/skills.go:24.16,26.3 1 0
github.com/alexcabrera/ayo/internal/builtin/skills.go:28.2,29.32 2 2
github.com/alexcabrera/ayo/internal/builtin/skills.go:29.32,30.20 1 22
github.com/alexcabrera/ayo/internal/builtin/skills.go:30.20,32.4 1 22
github.com/alexcabrera/ayo/internal/builtin/skills.go:34.2,34.14 1 2
github.com/alexcabrera/ayo/internal/builtin/skills.go:38.40,42.2 3 6
github.com/alexcabrera/ayo/internal/builtin/skills.go:45.61,48.2 2 18
github.com/alexcabrera/ayo/internal/builtin/skills.go:51.53,52.37 1 1
github.com/alexcabrera/ayo/internal/builtin/skills.go:52.37,54.3 1 0
github.com/alexcabrera/ayo/internal/builtin/skills.go:55.2,57.16 3 1
github.com/alexcabrera/ayo/internal/builtin/skills.go:57.16,59.3 1 0
github.com/alexcabrera/ayo/internal/builtin/skills.go:61.2,62.32 2 1
github.com/alexcabrera/ayo/internal/builtin/skills.go:62.32,63.20 1 1
github.com/alexcabrera/ayo/internal/builtin/skills.go:63.20,65.4 1 1
github.com/alexcabrera/ayo/internal/builtin/skills.go:67.2,67.14 1 1
github.com/alexcabrera/ayo/internal/builtin/skills.go:71.79,72.37 1 1
github.com/alexcabrera/ayo/internal/builtin/skills.go:72.37,74.3 1 0
github.com/alexcabrera/ayo/internal/builtin/skills.go:75.2,76.56 2 1
github.com/alexcabrera/ayo/internal/builtin/skills.go:80.91,85.16 4 19
github.com/alexcabrera/ayo/internal/builtin/skills.go:85.16,87.3 1 1
github.com/alexcabrera/ayo/internal/builtin/skills.go:89.2,92.39 2 18
github.com/alexcabrera/ayo/internal/builtin/skills.go:92.39,94.22 2 18
github.com/alexcabrera/ayo/internal/builtin/skills.go:94.22,96.58 2 18
github.com/alexcabrera/ayo/internal/builtin/skills.go:96.58,98.41 2 143
github.com/alexcabrera/ayo/internal/builtin/skills.go:98.41,100.6 1 18
github.com/alexcabrera/ayo/internal/builtin/skills.go:100.11,100.55 1 125
github.com/alexcabrera/ayo/internal/builtin/skills.go:100.55,102.6 1 18
github.com/alexcabrera/ayo/internal/builtin/skills.go:104.4,104.47 1 18
github.com/alexcabrera/ayo/internal/builtin/skills.go:106.8,108.3 1 0
github.com/alexcabrera/ayo/internal/builtin/skills.go:110.2,110.22 1 18
github.com/alexcabrera/ayo/internal/builtin/skills.go:110.22,112.3 1 0
github.com/alexcabrera/ayo/internal/builtin/skills.go:114.2,114.19 1 18
github.com/alexcabrera/ayo/internal/builtin/skills.go:118.23,121.2 2 0
github.com/alexcabrera/ayo/internal/builtin/skills.go:124.44,128.43 2 1
github.com/alexcabrera/ayo/internal/builtin/skills.go:128.43,130.17 2 11
github.com/alexcabrera/ayo/internal/builtin/skills.go:130.17,131.12 1 0
github.com/alexcabrera/ayo/internal/builtin/skills.go:133.3,137.5 1 11
github.com/alexcabrera/ayo/internal/builtin/skills.go:140.2,140.14 1 1
github.com/alexcabrera/ayo/internal/embedding/embedding.go:37.47,38.37 1 8
github.com/alexcabrera/ayo/internal/embedding/embedding.go:38.37,40.3 1 2
github.com/alexcabrera/ayo/internal/embedding/embedding.go:42.2,43.19 2 6
github.com/alexcabrera/ayo/internal/embedding/embedding.go:43.19,47.3 3 18
github.com/alexcabrera/ayo/internal/embedding/embedding.go:49.2,49.30 1 6
github.com/alexcabrera/ayo/internal/embedding/embedding.go:49.30,51.3 1 0
github.com/alexcabrera/ayo/internal/embedding/embedding.go:53.2,53.95 1 6
github.com/alexcabrera/ayo/internal/embedding/embedding.go:58.45,60.2 1 2
github.com/alexcabrera/ayo/internal/embedding/embedding.go:63.43,65.24 2 1
github.com/alexcabrera/ayo/internal/embedding/embedding.go:65.24,67.3 1 5
github.com/alexcabrera/ayo/internal/embedding/embedding.go:68.2,68.12 1 1
github.com/alexcabrera/ayo/internal/embedding/embedding.go:72.48,73.22 1 2
github.com/alexcabrera/ayo/internal/embedding/embedding.go:73.22,75.3 1 1
github.com/alexcabrera/ayo/internal/embedding/embedding.go:76.2,77.19 2 1
github.com/alexcabrera/ayo/internal/embedding/embedding.go:77.19,79.3 1 5
github.com/alexcabrera/ayo/internal/embedding/embedding.go:80.2,80.10 1 1
github.com/alexcabrera/ayo/internal/embedding/none_provider.go:20.38,24.2 1 8
github.com/alexcabrera/ayo/internal/embedding/none_provider.go:27.38,29.2 1 1
github.com/alexcabrera/ayo/internal/embedding/none_provider.go:32.54,34.2 1 1
github.com/alexcabrera/ayo/internal/embedding/none_provider.go:37.79,39.2 1 3
github.com/alexcabrera/ayo/internal/embedding/none_provider.go:42.38,44.2 1 1
github.com/alexcabrera/ayo/internal/embedding/none_provider.go:47.83,49.2 1 1
github.com/alexcabrera/ayo/internal/embedding/none_provider.go:52.93,54.2 1 1
github.com/alexcabrera/ayo/internal/embedding/none_provider.go:57.41,59.2 1 1
github.com/alexcabrera/ayo/internal/embedding/none_provider.go:62.39,64.2 1 1
github.com/alexcabrera/ayo/internal/embedding/ollama.go:22.58,24.20 2 0
github.com/alexcabrera/ayo/internal/embedding/ollama.go:24.20,26.3 1 0
github.com/alexcabrera/ayo/internal/embedding/ollama.go:28.2,29.17 2 0
github.com/alexcabrera/ayo/internal/embedding/ollama.go:29.17,31.3 1 0
github.com/alexcabrera/ayo/internal/embedding/ollama.go:33.2,36.3 1 0
github.com/alexcabrera/ayo/internal/embedding/ollama.go:40.85,42.2 1 0
github.com/alexcabrera/ayo/internal/embedding/ollama.go:45.95,47.2 1 0
github.com/alexcabrera/ayo/internal/embedding/ollama.go:50.42,52.2 1 0
github.com/alexcabrera/ayo/internal/embedding/ollama.go:55.40,57.2 1 0
github.com/alexcabrera/ayo/internal/embedding/ollama.go:60.64,62.2 1 0
github.com/alexcabrera/ayo/internal/embedding/ollama.go:65.61,67.2 1 0
github.com/alexcabrera/ayo/internal/embedding/ollama.go:70.41,72.2 1 0
github.com/alexcabrera/ayo/internal/embedding/ollama_provider.go:19.42,23.2 1 7
github.com/alexcabrera/ayo/internal/embedding/ollama_provider.go:26.40,28.2 1 1
github.com/alexcabrera/ayo/internal/embedding/ollama_provider.go:31.56,33.2 1 1
github.com/alexcabrera/ayo/internal/embedding/ollama_provider.go:39.81,42.59 2 0
github.com/alexcabrera/ayo/internal/embedding/ollama_provider.go:42.59,44.3 1 0
github.com/alexcabrera/ayo/internal/embedding/ollama_provider.go:45.2,45.62 1 0
github.com/alexcabrera/ayo/internal/embedding/ollama_provider.go:45.62,47.3 1 0
github.com/alexcabrera/ayo/internal/embedding/ollama_provider.go:49.2,52.34 2 0
github.com/alexcabrera/ayo/internal/embedding/ollama_provider.go:52.34,54.3 1 0
github.com/alexcabrera/ayo/internal/embedding/ollama_provider.go:57.2,57.31 1 0
github.com/alexcabrera/ayo/internal/embedding/ollama_provider.go:57.31,60.3 1 0
github.com/alexcabrera/ayo/internal/embedding/ollama_provider.go:62.2,62.12 1 0
github.com/alexcabrera/ayo/internal/embedding/ollama_provider.go:66.40,67.23 1 1
github.com/alexcabrera/ayo/internal/embedding/ollama_provider.go:67.23,69.3 1 0
github.com/alexcabrera/ayo/internal/embedding/ollama_provider.go:70.2,70.12 1 1
github.com/alexcabrera/ayo/internal/embedding/ollama_provider.go:74.85,75.23 1 1
github.com/alexcabrera/ayo/internal/embedding/ollama_provider.go:75.23,77.3 1 1
github.com/alexcabrera/ayo/internal/embedding/ollama_provider.go:78.2,78.36 1 0
github.com/alexcabrera/ayo/internal/embedding/ollama_provider.go:82.95,83.23 1 1
github.com/alexcabrera/ayo/internal/embedding/ollama_provider.go:83.23,85.3 1 1
github.com/alexcabrera/ayo/internal/embedding/ollama_provider.go:86.2,86.42 1 0
github.com/alexcabrera/ayo/internal/embedding/ollama_provider.go:90.43,91.23 1 1
github.com/alexcabrera/ayo/internal/embedding/ollama_provider.go:91.23,93.3 1 1
github.com/alexcabrera/ayo/internal/embedding/ollama_provider.go:94.2,94.31 1 0
github.com/alexcabrera/ayo/internal/embedding/ollama_provider.go:98.41,99.23 1 1
github.com/alexcabrera/ayo/internal/embedding/ollama_provider.go:99.23,101.3 1 1
github.com/alexcabrera/ayo/internal/embedding/ollama_provider.go:102.2,102.27 1 0
github.com/alexcabrera/ayo/internal/config/config.go:175.47,214.2 3 9
github.com/alexcabrera/ayo/internal/config/config.go:232.33,233.67 1 9
github.com/alexcabrera/ayo/internal/config/config.go:233.67,235.3 1 1
github.com/alexcabrera/ayo/internal/config/config.go:236.2,236.32 1 8
github.com/alexcabrera/ayo/internal/config/config.go:240.23,271.2 3 9
github.com/alexcabrera/ayo/internal/config/config.go:274.40,278.16 3 3
github.com/alexcabrera/ayo/internal/config/config.go:278.16,279.25 1 1
github.com/alexcabrera/ayo/internal/config/config.go:279.25,281.4 1 1
github.com/alexcabrera/ayo/internal/config/config.go:282.3,282.49 1 0
github.com/alexcabrera/ayo/internal/config/config.go:285.2,285.51 1 2
github.com/alexcabrera/ayo/internal/config/config.go:285.51,287.3 1 0
github.com/alexcabrera/ayo/internal/config/config.go:289.2,289.49 1 2
github.com/alexcabrera/ayo/internal/config/config.go:289.49,291.3 1 0
github.com/alexcabrera/ayo/internal/config/config.go:293.2,293.17 1 2
github.com/alexcabrera/ayo/internal/config/config.go:297.27,299.2 1 0
github.com/alexcabrera/ayo/internal/config/config.go:302.42,305.48 2 0
github.com/alexcabrera/ayo/internal/config/config.go:305.48,307.3 1 0
github.com/alexcabrera/ayo/internal/config/config.go:309.2,310.16 2 0
github.com/alexcabrera/ayo/internal/config/config.go:310.16,312.3 1 0
github.com/alexcabrera/ayo/internal/config/config.go:314.2,314.56 1 0
github.com/alexcabrera/ayo/internal/config/config.go:314.56,316.3 1 0
github.com/alexcabrera/ayo/internal/config/config.go:318.2,318.12 1 0
github.com/alexcabrera/ayo/internal/config/config.go:323.77,326.16 3 0
github.com/alexcabrera/ayo/internal/config/config.go:326.16,328.3 1 0
github.com/alexcabrera/ayo/internal/config/config.go:330.2,330.26 1 0
github.com/alexcabrera/ayo/internal/config/config.go:330.26,332.3 1 0
github.com/alexcabrera/ayo/internal/config/config.go:334.2,337.43 3 0
github.com/alexcabrera/ayo/internal/config/config.go:337.43,339.3 1 0
github.com/alexcabrera/ayo/internal/config/config.go:341.2,341.22 1 0
github.com/alexcabrera/ayo/internal/config/config.go:345.51,347.16 2 0
github.com/alexcabrera/ayo/internal/config/config.go:347.16,349.3 1 0
github.com/alexcabrera/ayo/internal/config/config.go:351.2,351.26 1 0
github.com/alexcabrera/ayo/internal/config/config.go:351.26,353.3 1 0
github.com/alexcabrera/ayo/internal/config/config.go:355.2,355.37 1 0
github.com/alexcabrera/ayo/internal/config/config.go:360.77,363.16 3 0
github.com/alexcabrera/ayo/internal/config/config.go:363.16,365.3 1 0
github.com/alexcabrera/ayo/internal/config/config.go:367.2,367.29 1 0
github.com/alexcabrera/ayo/internal/config/config.go:367.29,369.3 1 0
github.com/alexcabrera/ayo/internal/config/config.go:371.2,374.43 3 0
github.com/alexcabrera/ayo/internal/config/config.go:374.43,376.3 1 0
github.com/alexcabrera/ayo/internal/config/config.go:378.2,378.22 1 0
github.com/alexcabrera/ayo/internal/config/config.go:382.54,384.16 2 0
github.com/alexcabrera/ayo/internal/config/config.go:384.16,386.3 1 0
github.com/alexcabrera/ayo/internal/config/config.go:388.2,388.29 1 0
github.com/alexcabrera/ayo/internal/config/config.go:388.29,390.3 1 0
github.com/alexcabrera/ayo/internal/config/config.go:392.2,392.40 1 0
github.com/alexcabrera/ayo/internal/config/credentials.go:39.43,41.35 2 24
github.com/alexcabrera/ayo/internal/config/credentials.go:41.35,48.3 1 240
github.com/alexcabrera/ayo/internal/config/credentials.go:49.2,49.15 1 24
github.com/alexcabrera/ayo/internal/config/credentials.go:53.28,54.38 1 2
github.com/alexcabrera/ayo/internal/config/credentials.go:54.38,55.15 1 12
github.com/alexcabrera/ayo/internal/config/credentials.go:55.15,57.4 1 1
github.com/alexcabrera/ayo/internal/config/credentials.go:59.2,59.14 1 1
github.com/alexcabrera/ayo/internal/config/credentials.go:63.55,65.38 2 20
github.com/alexcabrera/ayo/internal/config/credentials.go:65.38,66.15 1 200
github.com/alexcabrera/ayo/internal/config/credentials.go:66.15,68.4 1 24
github.com/alexcabrera/ayo/internal/config/credentials.go:70.2,70.15 1 20
github.com/alexcabrera/ayo/internal/config/credentials.go:91.31,93.2 1 5
github.com/alexcabrera/ayo/internal/config/credentials.go:96.58,98.29 2 4
github.com/alexcabrera/ayo/internal/config/credentials.go:98.29,101.3 2 0
github.com/alexcabrera/ayo/internal/config/credentials.go:102.2,108.29 4 4
github.com/alexcabrera/ayo/internal/config/credentials.go:108.29,110.3 1 0
github.com/alexcabrera/ayo/internal/config/credentials.go:112.2,114.16 3 4
github.com/alexcabrera/ayo/internal/config/credentials.go:114.16,115.25 1 0
github.com/alexcabrera/ayo/internal/config/credentials.go:115.25,121.4 2 0
github.com/alexcabrera/ayo/internal/config/credentials.go:122.3,122.18 1 0
github.com/alexcabrera/ayo/internal/config/credentials.go:125.2,126.53 2 4
github.com/alexcabrera/ayo/internal/config/credentials.go:126.53,128.3 1 4
github.com/alexcabrera/ayo/internal/config/credentials.go:130.2,130.30 1 0
github.com/alexcabrera/ayo/internal/config/credentials.go:130.30,132.3 1 0
github.com/alexcabrera/ayo/internal/config/credentials.go:134.2,135.30 2 0
github.com/alexcabrera/ayo/internal/config/credentials.go:139.54,146.62 4 0
github.com/alexcabrera/ayo/internal/config/credentials.go:146.62,148.3 1 0
github.com/alexcabrera/ayo/internal/config/credentials.go:150.2,151.16 2 0
github.com/alexcabrera/ayo/internal/config/credentials.go:151.16,153.3 1 0
github.com/alexcabrera/ayo/internal/config/credentials.go:156.2,156.55 1 0
github.com/alexcabrera/ayo/internal/config/credentials.go:156.55,158.3 1 0
github.com/alexcabrera/ayo/internal/config/credentials.go:160.2,161.12 2 0
github.com/alexcabrera/ayo/internal/config/credentials.go:166.55,168.16 2 3
github.com/alexcabrera/ayo/internal/config/credentials.go:168.16,170.3 1 3
github.com/alexcabrera/ayo/internal/config/credentials.go:172.2,177.31 2 0
github.com/alexcabrera/ayo/internal/config/credentials.go:183.32,185.16 2 0
github.com/alexcabrera/ayo/internal/config/credentials.go:185.16,187.3 1 0
github.com/alexcabrera/ayo/internal/config/credentials.go:189.2,189.50 1 0
github.com/alexcabrera/ayo/internal/config/credentials.go:189.50,192.36 2 0
github.com/alexcabrera/ayo/internal/config/credentials.go:192.36,193.26 1 0
github.com/alexcabrera/ayo/internal/config/credentials.go:193.26,195.10 2 0
github.com/alexcabrera/ayo/internal/config/credentials.go:199.3,199.19 1 0
github.com/alexcabrera/ayo/internal/config/credentials.go:199.19,200.12 1 0
github.com/alexcabrera/ayo/internal/config/credentials.go:204.3,204.30 1 0
github.com/alexcabrera/ayo/internal/config/credentials.go:204.30,206.4 1 0
github.com/alexcabrera/ayo/internal/config/credentials.go:209.2,209.12 1 0
github.com/alexcabrera/ayo/internal/config/credentials.go:214.29,218.2 3 7
github.com/alexcabrera/ayo/internal/config/models.go:16.49,20.22 3 2
github.com/alexcabrera/ayo/internal/config/models.go:20.22,21.39 1 2
github.com/alexcabrera/ayo/internal/config/models.go:21.39,22.27 1 4
github.com/alexcabrera/ayo/internal/config/models.go:22.27,24.10 2 2
github.com/alexcabrera/ayo/internal/config/models.go:29.2,30.45 2 2
github.com/alexcabrera/ayo/internal/config/models.go:30.45,32.3 1 1
github.com/alexcabrera/ayo/internal/config/models.go:34.2,35.27 2 1
github.com/alexcabrera/ayo/internal/config/models.go:35.27,37.3 1 17
github.com/alexcabrera/ayo/internal/config/models.go:38.2,38.16 1 1
github.com/alexcabrera/ayo/internal/config/models.go:43.42,48.40 4 0
github.com/alexcabrera/ayo/internal/config/models.go:48.40,50.3 1 0
github.com/alexcabrera/ayo/internal/config/models.go:52.2,52.45 1 0
github.com/alexcabrera/ayo/internal/config/models.go:52.45,53.40 1 0
github.com/alexcabrera/ayo/internal/config/models.go:53.40,54.12 1 0
github.com/alexcabrera/ayo/internal/config/models.go:57.3,57.37 1 0
github.com/alexcabrera/ayo/internal/config/models.go:57.37,63.4 1 0
github.com/alexcabrera/ayo/internal/config/models.go:66.2,66.16 1 0
github.com/alexcabrera/ayo/internal/config/models.go:71.56,72.38 1 9
github.com/alexcabrera/ayo/internal/config/models.go:72.38,73.33 1 18
github.com/alexcabrera/ayo/internal/config/models.go:73.33,75.4 1 9
github.com/alexcabrera/ayo/internal/config/models.go:77.2,77.11 1 0
github.com/alexcabrera/ayo/internal/config/models.go:82.61,83.38 1 9
github.com/alexcabrera/ayo/internal/config/models.go:83.38,84.33 1 18
github.com/alexcabrera/ayo/internal/config/models.go:84.33,86.4 1 9
github.com/alexcabrera/ayo/internal/config/models.go:88.2,88.11 1 0
github.com/alexcabrera/ayo/internal/config/models.go:94.52,96.25 2 9
github.com/alexcabrera/ayo/internal/config/models.go:96.25,98.3 1 0
github.com/alexcabrera/ayo/internal/config/models.go:101.2,103.30 2 9
github.com/alexcabrera/ayo/internal/config/models.go:103.30,104.31 1 9
github.com/alexcabrera/ayo/internal/config/models.go:104.31,105.18 1 11
github.com/alexcabrera/ayo/internal/config/models.go:105.18,106.72 1 9
github.com/alexcabrera/ayo/internal/config/models.go:106.72,108.6 1 9
github.com/alexcabrera/ayo/internal/config/models.go:114.2,114.82 1 0
github.com/alexcabrera/ayo/internal/config/models.go:114.82,116.3 1 0
github.com/alexcabrera/ayo/internal/config/models.go:118.2,118.18 1 0
github.com/alexcabrera/ayo/internal/config/models.go:124.57,126.25 2 9
github.com/alexcabrera/ayo/internal/config/models.go:126.25,128.3 1 0
github.com/alexcabrera/ayo/internal/config/models.go:131.2,133.30 2 9
github.com/alexcabrera/ayo/internal/config/models.go:133.30,134.31 1 9
github.com/alexcabrera/ayo/internal/config/models.go:134.31,135.18 1 11
github.com/alexcabrera/ayo/internal/config/models.go:135.18,136.77 1 9
github.com/alexcabrera/ayo/internal/config/models.go:136.77,138.6 1 9
github.com/alexcabrera/ayo/internal/config/models.go:144.2,144.87 1 0
github.com/alexcabrera/ayo/internal/config/models.go:144.87,146.3 1 0
github.com/alexcabrera/ayo/internal/config/models.go:148.2,148.32 1 0
github.com/alexcabrera/ayo/internal/agent/agent.go:155.55,157.33 1 20
github.com/alexcabrera/ayo/internal/agent/agent.go:157.33,159.3 1 3
github.com/alexcabrera/ayo/internal/agent/agent.go:161.2,161.25 1 17
github.com/alexcabrera/ayo/internal/agent/agent.go:161.25,163.3 1 14
github.com/alexcabrera/ayo/internal/agent/agent.go:164.2,164.22 1 3
github.com/alexcabrera/ayo/internal/agent/agent.go:168.39,170.2 1 2
github.com/alexcabrera/ayo/internal/agent/agent.go:174.46,175.19 1 2
github.com/alexcabrera/ayo/internal/agent/agent.go:175.19,177.3 1 1
github.com/alexcabrera/ayo/internal/agent/agent.go:179.2,179.27 1 1
github.com/alexcabrera/ayo/internal/agent/agent.go:179.27,181.3 1 1
github.com/alexcabrera/ayo/internal/agent/agent.go:184.2,184.25 1 0
github.com/alexcabrera/ayo/internal/agent/agent.go:189.46,190.22 1 2
github.com/alexcabrera/ayo/internal/agent/agent.go:190.22,192.3 1 1
github.com/alexcabrera/ayo/internal/agent/agent.go:193.2,193.19 1 1
github.com/alexcabrera/ayo/internal/agent/agent.go:198.50,199.23 1 2
github.com/alexcabrera/ayo/internal/agent/agent.go:199.23,201.3 1 1
github.com/alexcabrera/ayo/internal/agent/agent.go:202.2,202.20 1 1
github.com/alexcabrera/ayo/internal/agent/agent.go:222.44,223.36 1 21
github.com/alexcabrera/ayo/internal/agent/agent.go:223.36,225.3 1 19
github.com/alexcabrera/ayo/internal/agent/agent.go:226.2,226.21 1 2
github.com/alexcabrera/ayo/internal/agent/agent.go:229.55,233.41 2 0
github.com/alexcabrera/ayo/internal/agent/agent.go:233.41,235.3 1 0
github.com/alexcabrera/ayo/internal/agent/agent.go:238.2,238.41 1 0
github.com/alexcabrera/ayo/internal/agent/agent.go:238.41,240.17 2 0
github.com/alexcabrera/ayo/internal/agent/agent.go:240.17,241.12 1 0
github.com/alexcabrera/ayo/internal/agent/agent.go:243.3,243.33 1 0
github.com/alexcabrera/ayo/internal/agent/agent.go:243.33,244.61 1 0
github.com/alexcabrera/ayo/internal/agent/agent.go:244.61,246.5 1 0
github.com/alexcabrera/ayo/internal/agent/agent.go:251.2,251.25 1 0
github.com/alexcabrera/ayo/internal/agent/agent.go:251.25,253.17 2 0
github.com/alexcabrera/ayo/internal/agent/agent.go:253.17,254.34 1 0
github.com/alexcabrera/ayo/internal/agent/agent.go:254.34,255.62 1 0
github.com/alexcabrera/ayo/internal/agent/agent.go:255.62,257.6 1 0
github.com/alexcabrera/ayo/internal/agent/agent.go:263.2,263.50 1 0
github.com/alexcabrera/ayo/internal/agent/agent.go:263.50,265.17 2 0
github.com/alexcabrera/ayo/internal/agent/agent.go:265.17,266.12 1 0
github.com/alexcabrera/ayo/internal/agent/agent.go:268.3,268.33 1 0
github.com/alexcabrera/ayo/internal/agent/agent.go:268.33,269.61 1 0
github.com/alexcabrera/ayo/internal/agent/agent.go:269.61,271.5 1 0
github.com/alexcabrera/ayo/internal/agent/agent.go:276.2,277.27 2 0
github.com/alexcabrera/ayo/internal/agent/agent.go:277.27,279.3 1 0
github.com/alexcabrera/ayo/internal/agent/agent.go:280.2,281.21 2 0
github.com/alexcabrera/ayo/internal/agent/agent.go:284.60,297.25 4 14
github.com/alexcabrera/ayo/internal/agent/agent.go:297.25,298.25 1 14
github.com/alexcabrera/ayo/internal/agent/agent.go:298.25,300.9 2 0
github.com/alexcabrera/ayo/internal/agent/agent.go:303.2,303.50 1 14
github.com/alexcabrera/ayo/internal/agent/agent.go:303.50,308.26 4 14
github.com/alexcabrera/ayo/internal/agent/agent.go:308.26,309.36 1 14
github.com/alexcabrera/ayo/internal/agent/agent.go:309.36,312.5 2 0
github.com/alexcabrera/ayo/internal/agent/agent.go:313.4,313.32 1 14
github.com/alexcabrera/ayo/internal/agent/agent.go:315.3,315.16 1 14
github.com/alexcabrera/ayo/internal/agent/agent.go:315.16,317.4 1 14
github.com/alexcabrera/ayo/internal/agent/agent.go:318.3,318.17 1 14
github.com/alexcabrera/ayo/internal/agent/agent.go:322.2,328.27 3 14
github.com/alexcabrera/ayo/internal/agent/agent.go:328.27,331.17 3 28
github.com/alexcabrera/ayo/internal/agent/agent.go:331.17,333.4 1 14
github.com/alexcabrera/ayo/internal/agent/agent.go:334.3,334.88 1 14
github.com/alexcabrera/ayo/internal/agent/agent.go:334.88,336.4 1 0
github.com/alexcabrera/ayo/internal/agent/agent.go:340.2,340.34 1 0
github.com/alexcabrera/ayo/internal/agent/agent.go:340.34,341.57 1 0
github.com/alexcabrera/ayo/internal/agent/agent.go:341.57,343.4 1 0
github.com/alexcabrera/ayo/internal/agent/agent.go:344.3,344.66 1 0
github.com/alexcabrera/ayo/internal/agent/agent.go:347.2,347.63 1 0
github.com/alexcabrera/ayo/internal/agent/agent.go:350.103,355.16 4 28
github.com/alexcabrera/ayo/internal/agent/agent.go:355.16,357.3 1 14
github.com/alexcabrera/ayo/internal/agent/agent.go:358.2,358.19 1 14
github.com/alexcabrera/ayo/internal/agent/agent.go:358.19,360.3 1 0
github.com/alexcabrera/ayo/internal/agent/agent.go:362.2,363.16 2 14
github.com/alexcabrera/ayo/internal/agent/agent.go:363.16,365.3 1 0
github.com/alexcabrera/ayo/internal/agent/agent.go:367.2,368.22 2 14
github.com/alexcabrera/ayo/internal/agent/agent.go:368.22,370.3 1 14
github.com/alexcabrera/ayo/internal/agent/agent.go:370.8,370.40 1 0
github.com/alexcabrera/ayo/internal/agent/agent.go:370.40,372.3 1 0
github.com/alexcabrera/ayo/internal/agent/agent.go:373.2,374.16 2 14
github.com/alexcabrera/ayo/internal/agent/agent.go:374.16,376.3 1 0
github.com/alexcabrera/ayo/internal/agent/agent.go:377.2,385.28 4 14
github.com/alexcabrera/ayo/internal/agent/agent.go:385.28,387.3 1 2
github.com/alexcabrera/ayo/internal/agent/agent.go:387.8,387.85 1 12
github.com/alexcabrera/ayo/internal/agent/agent.go:387.85,389.3 1 12
github.com/alexcabrera/ayo/internal/agent/agent.go:390.2,390.28 1 14
github.com/alexcabrera/ayo/internal/agent/agent.go:390.28,392.3 1 2
github.com/alexcabrera/ayo/internal/agent/agent.go:392.8,392.85 1 12
github.com/alexcabrera/ayo/internal/agent/agent.go:392.85,394.3 1 12
github.com/alexcabrera/ayo/internal/agent/agent.go:397.2,402.23 4 14
github.com/alexcabrera/ayo/internal/agent/agent.go:402.23,404.3 1 13
github.com/alexcabrera/ayo/internal/agent/agent.go:405.2,405.18 1 14
github.com/alexcabrera/ayo/internal/agent/agent.go:405.18,407.3 1 13
github.com/alexcabrera/ayo/internal/agent/agent.go:408.2,409.18 2 14
github.com/alexcabrera/ayo/internal/agent/agent.go:409.18,411.3 1 13
github.com/alexcabrera/ayo/internal/agent/agent.go:412.2,430.16 7 14
github.com/alexcabrera/ayo/internal/agent/agent.go:430.16,432.3 1 0
github.com/alexcabrera/ayo/internal/agent/agent.go:435.2,436.16 2 14
github.com/alexcabrera/ayo/internal/agent/agent.go:436.16,438.3 1 0
github.com/alexcabrera/ayo/internal/agent/agent.go:441.2,459.19 3 14
github.com/alexcabrera/ayo/internal/agent/agent.go:462.65,463.29 1 14
github.com/alexcabrera/ayo/internal/agent/agent.go:463.29,465.3 1 1
github.com/alexcabrera/ayo/internal/agent/agent.go:466.2,466.25 1 13
github.com/alexcabrera/ayo/internal/agent/agent.go:469.39,470.16 1 28
github.com/alexcabrera/ayo/internal/agent/agent.go:470.16,472.3 1 0
github.com/alexcabrera/ayo/internal/agent/agent.go:473.2,474.16 2 28
github.com/alexcabrera/ayo/internal/agent/agent.go:474.16,476.3 1 2
github.com/alexcabrera/ayo/internal/agent/agent.go:477.2,477.18 1 26
github.com/alexcabrera/ayo/internal/agent/agent.go:482.87,484.28 2 14
github.com/alexcabrera/ayo/internal/agent/agent.go:484.28,486.3 1 14
github.com/alexcabrera/ayo/internal/agent/agent.go:488.2,494.30 5 0
github.com/alexcabrera/ayo/internal/agent/agent.go:494.30,496.3 1 0
github.com/alexcabrera/ayo/internal/agent/agent.go:497.2,499.32 2 0
github.com/alexcabrera/ayo/internal/agent/agent.go:499.32,502.3 2 0
github.com/alexcabrera/ayo/internal/agent/agent.go:504.2,506.19 3 0
github.com/alexcabrera/ayo/internal/agent/agent.go:512.31,525.39 7 14
github.com/alexcabrera/ayo/internal/agent/agent.go:525.39,527.3 1 14
github.com/alexcabrera/ayo/internal/agent/agent.go:530.2,530.46 1 14
github.com/alexcabrera/ayo/internal/agent/agent.go:530.46,532.3 1 14
github.com/alexcabrera/ayo/internal/agent/agent.go:535.2,535.47 1 14
github.com/alexcabrera/ayo/internal/agent/agent.go:535.47,537.3 1 14
github.com/alexcabrera/ayo/internal/agent/agent.go:539.2,540.19 2 14
github.com/alexcabrera/ayo/internal/agent/agent.go:550.46,553.2 2 39
github.com/alexcabrera/ayo/internal/agent/agent.go:557.52,558.35 1 28
github.com/alexcabrera/ayo/internal/agent/agent.go:558.35,560.23 2 84
github.com/alexcabrera/ayo/internal/agent/agent.go:560.23,562.4 1 14
github.com/alexcabrera/ayo/internal/agent/agent.go:564.2,564.14 1 14
github.com/alexcabrera/ayo/internal/agent/agent.go:567.98,569.2 1 7
github.com/alexcabrera/ayo/internal/agent/agent.go:574.151,578.37 2 7
github.com/alexcabrera/ayo/internal/agent/agent.go:578.37,580.3 1 4
github.com/alexcabrera/ayo/internal/agent/agent.go:583.2,584.53 2 3
github.com/alexcabrera/ayo/internal/agent/agent.go:584.53,586.3 1 0
github.com/alexcabrera/ayo/internal/agent/agent.go:588.2,589.22 2 3
github.com/alexcabrera/ayo/internal/agent/agent.go:589.22,591.3 1 3
github.com/alexcabrera/ayo/internal/agent/agent.go:591.8,591.40 1 0
github.com/alexcabrera/ayo/internal/agent/agent.go:591.40,593.3 1 0
github.com/alexcabrera/ayo/internal/agent/agent.go:595.2,595.103 1 3
github.com/alexcabrera/ayo/internal/agent/agent.go:595.103,597.3 1 0
github.com/alexcabrera/ayo/internal/agent/agent.go:599.2,601.16 3 3
github.com/alexcabrera/ayo/internal/agent/agent.go:601.16,603.3 1 0
github.com/alexcabrera/ayo/internal/agent/agent.go:604.2,604.66 1 3
github.com/alexcabrera/ayo/internal/agent/agent.go:604.66,606.3 1 0
github.com/alexcabrera/ayo/internal/agent/agent.go:609.2,609.27 1 3
github.com/alexcabrera/ayo/internal/agent/agent.go:609.27,610.87 1 0
github.com/alexcabrera/ayo/internal/agent/agent.go:610.87,612.4 1 0
github.com/alexcabrera/ayo/internal/agent/agent.go:616.2,616.28 1 3
github.com/alexcabrera/ayo/internal/agent/agent.go:616.28,617.89 1 0
github.com/alexcabrera/ayo/internal/agent/agent.go:617.89,619.4 1 0
github.com/alexcabrera/ayo/internal/agent/agent.go:622.2,622.30 1 3
github.com/alexcabrera/ayo/internal/agent/agent.go:627.63,629.38 1 0
github.com/alexcabrera/ayo/internal/agent/agent.go:629.38,631.17 2 0
github.com/alexcabrera/ayo/internal/agent/agent.go:631.17,633.4 1 0
github.com/alexcabrera/ayo/internal/agent/agent.go:634.3,634.51 1 0
github.com/alexcabrera/ayo/internal/agent/agent.go:637.2,638.16 2 0
github.com/alexcabrera/ayo/internal/agent/agent.go:638.16,640.3 1 0
github.com/alexcabrera/ayo/internal/agent/agent.go:643.2,644.50 2 0
github.com/alexcabrera/ayo/internal/agent/agent.go:644.50,646.3 1 0
github.com/alexcabrera/ayo/internal/agent/agent.go:648.2,649.60 2 0
github.com/alexcabrera/ayo/internal/agent/agent.go:649.60,651.3 1 0
github.com/alexcabrera/ayo/internal/agent/agent.go:653.2,653.12 1 0
github.com/alexcabrera/ayo/internal/agent/agent.go:656.50,660.16 4 14
github.com/alexcabrera/ayo/internal/agent/agent.go:660.16,661.37 1 0
github.com/alexcabrera/ayo/internal/agent/agent.go:661.37,663.4 1 0
github.com/alexcabrera/ayo/internal/agent/agent.go:664.3,664.18 1 0
github.com/alexcabrera/ayo/internal/agent/agent.go:666.2,666.51 1 14
github.com/alexcabrera/ayo/internal/agent/agent.go:666.51,668.3 1 0
github.com/alexcabrera/ayo/internal/agent/agent.go:669.2,669.17 1 14
github.com/alexcabrera/ayo/internal/agent/agent.go:674.58,677.16 3 14
github.com/alexcabrera/ayo/internal/agent/agent.go:677.16,678.37 1 12
github.com/alexcabrera/ayo/internal/agent/agent.go:678.37,680.4 1 12
github.com/alexcabrera/ayo/internal/agent/agent.go:681.3,681.18 1 0
github.com/alexcabrera/ayo/internal/agent/agent.go:684.2,685.49 2 2
github.com/alexcabrera/ayo/internal/agent/agent.go:685.49,687.3 1 0
github.com/alexcabrera/ayo/internal/agent/agent.go:688.2,688.16 1 2
github.com/alexcabrera/ayo/internal/agent/agent.go:698.47,704.95 3 0
github.com/alexcabrera/ayo/internal/agent/agent.go:704.95,706.3 1 0
github.com/alexcabrera/ayo/internal/agent/agent.go:706.8,706.32 1 0
github.com/alexcabrera/ayo/internal/agent/agent.go:706.32,708.3 1 0
github.com/alexcabrera/ayo/internal/agent/agent.go:711.2,711.51 1 0
github.com/alexcabrera/ayo/internal/agent/agent.go:711.51,717.41 4 0
github.com/alexcabrera/ayo/internal/agent/agent.go:717.41,719.4 1 0
github.com/alexcabrera/ayo/internal/agent/agent.go:720.3,722.34 2 0
github.com/alexcabrera/ayo/internal/agent/agent.go:722.34,725.40 3 0
github.com/alexcabrera/ayo/internal/agent/agent.go:725.40,726.18 1 0
github.com/alexcabrera/ayo/internal/agent/agent.go:726.18,728.11 2 0
github.com/alexcabrera/ayo/internal/agent/agent.go:733.4,734.21 2 0
github.com/alexcabrera/ayo/internal/agent/agent.go:735.18,736.27 1 0
github.com/alexcabrera/ayo/internal/agent/agent.go:736.27,739.34 2 0
github.com/alexcabrera/ayo/internal/agent/agent.go:739.34,741.7 1 0
github.com/alexcabrera/ayo/internal/agent/agent.go:742.6,742.27 1 0
github.com/alexcabrera/ayo/internal/agent/agent.go:743.11,745.6 1 0
github.com/alexcabrera/ayo/internal/agent/agent.go:746.29,747.18 1 0
github.com/alexcabrera/ayo/internal/agent/agent.go:748.19,749.21 1 0
github.com/alexcabrera/ayo/internal/agent/agent.go:750.17,751.22 1 0
github.com/alexcabrera/ayo/internal/agent/agent.go:752.18,753.22 1 0
github.com/alexcabrera/ayo/internal/agent/agent.go:756.4,757.29 2 0
github.com/alexcabrera/ayo/internal/agent/agent.go:757.29,759.5 1 0
github.com/alexcabrera/ayo/internal/agent/agent.go:761.4,762.30 2 0
github.com/alexcabrera/ayo/internal/agent/agent.go:762.30,764.5 1 0
github.com/alexcabrera/ayo/internal/agent/agent.go:766.4,766.92 1 0
github.com/alexcabrera/ayo/internal/agent/agent.go:768.3,768.27 1 0
github.com/alexcabrera/ayo/internal/agent/agent.go:771.2,771.21 1 0
github.com/alexcabrera/ayo/internal/agent/agent.go:777.51,778.26 1 9
github.com/alexcabrera/ayo/internal/agent/agent.go:778.26,780.3 1 4
github.com/alexcabrera/ayo/internal/agent/agent.go:783.2,784.63 2 5
github.com/alexcabrera/ayo/internal/agent/agent.go:784.63,790.3 1 1
github.com/alexcabrera/ayo/internal/agent/agent.go:793.2,793.77 1 4
github.com/alexcabrera/ayo/internal/agent/agent.go:793.77,799.3 1 2
github.com/alexcabrera/ayo/internal/agent/agent.go:801.2,801.12 1 2
github.com/alexcabrera/ayo/internal/agent/agent.go:805.39,807.2 1 2
github.com/alexcabrera/ayo/internal/agent/agent.go:811.59,814.16 3 14
github.com/alexcabrera/ayo/internal/agent/agent.go:814.16,815.37 1 12
github.com/alexcabrera/ayo/internal/agent/agent.go:815.37,817.4 1 12
github.com/alexcabrera/ayo/internal/agent/agent.go:818.3,818.18 1 0
github.com/alexcabrera/ayo/internal/agent/agent.go:821.2,822.49 2 2
github.com/alexcabrera/ayo/internal/agent/agent.go:822.49,824.3 1 0
github.com/alexcabrera/ayo/internal/agent/agent.go:825.2,825.16 1 2
github.com/alexcabrera/ayo/internal/agent/agent.go:829.40,831.2 1 2
github.com/alexcabrera/ayo/internal/agent/agent.go:835.53,836.27 1 9
github.com/alexcabrera/ayo/internal/agent/agent.go:836.27,838.3 1 4
github.com/alexcabrera/ayo/internal/agent/agent.go:840.2,841.64 2 5
github.com/alexcabrera/ayo/internal/agent/agent.go:841.64,843.3 1 1
github.com/alexcabrera/ayo/internal/agent/agent.go:845.2,845.78 1 4
github.com/alexcabrera/ayo/internal/agent/agent.go:845.78,847.3 1 2
github.com/alexcabrera/ayo/internal/agent/agent.go:849.2,849.12 1 2
github.com/alexcabrera/ayo/internal/agent/agent.go:866.44,867.11 1 4
github.com/alexcabrera/ayo/internal/agent/agent.go:868.26,869.17 1 1
github.com/alexcabrera/ayo/internal/agent/agent.go:870.31,871.22 1 1
github.com/alexcabrera/ayo/internal/agent/agent.go:872.29,873.20 1 1
github.com/alexcabrera/ayo/internal/agent/agent.go:874.10,875.16 1 1
github.com/alexcabrera/ayo/internal/agent/agent.go:886.61,888.27 1 6
github.com/alexcabrera/ayo/internal/agent/agent.go:888.27,890.3 1 1
github.com/alexcabrera/ayo/internal/agent/agent.go:893.2,893.31 1 5
github.com/alexcabrera/ayo/internal/agent/agent.go:893.31,895.3 1 1
github.com/alexcabrera/ayo/internal/agent/agent.go:898.2,898.69 1 4
github.com/alexcabrera/ayo/internal/agent/agent.go:902.63,904.2 1 0
github.com/alexcabrera/ayo/internal/agent/agent.go:908.79,909.35 1 4
github.com/alexcabrera/ayo/internal/agent/agent.go:909.35,911.3 1 0
github.com/alexcabrera/ayo/internal/agent/agent.go:914.2,914.55 1 4
github.com/alexcabrera/ayo/internal/agent/agent.go:914.55,916.34 1 0
github.com/alexcabrera/ayo/internal/agent/agent.go:916.34,918.4 1 0
github.com/alexcabrera/ayo/internal/agent/agent.go:919.3,919.27 1 0
github.com/alexcabrera/ayo/internal/agent/agent.go:923.2,923.29 1 4
github.com/alexcabrera/ayo/internal/agent/agent.go:923.29,925.3 1 0
github.com/alexcabrera/ayo/internal/agent/agent.go:927.2,927.30 1 4
github.com/alexcabrera/ayo/internal/agent/agent.go:927.30,929.3 1 0
github.com/alexcabrera/ayo/internal/agent/agent.go:932.2,932.47 1 4
github.com/alexcabrera/ayo/internal/agent/agent.go:932.47,934.14 2 7
github.com/alexcabrera/ayo/internal/agent/agent.go:934.14,936.4 1 1
github.com/alexcabrera/ayo/internal/agent/agent.go:938.3,939.23 2 6
github.com/alexcabrera/ayo/internal/agent/agent.go:939.23,940.12 1 0
github.com/alexcabrera/ayo/internal/agent/agent.go:944.3,944.40 1 6
github.com/alexcabrera/ayo/internal/agent/agent.go:944.40,946.4 1 1
github.com/alexcabrera/ayo/internal/agent/agent.go:950.2,950.33 1 2
github.com/alexcabrera/ayo/internal/agent/agent.go:950.33,952.3 1 1
github.com/alexcabrera/ayo/internal/agent/agent.go:954.2,954.32 1 1
github.com/alexcabrera/ayo/internal/agent/agent.go:958.45,959.26 1 4
github.com/alexcabrera/ayo/internal/agent/agent.go:959.26,961.3 1 0
github.com/alexcabrera/ayo/internal/agent/agent.go:962.2,962.26 1 4
github.com/alexcabrera/ayo/internal/agent/agent.go:962.26,964.3 1 0
github.com/alexcabrera/ayo/internal/agent/agent.go:967.2,967.22 1 4
github.com/alexcabrera/ayo/internal/agent/agent.go:967.22,969.3 1 0
github.com/alexcabrera/ayo/internal/agent/agent.go:972.2,972.40 1 4
github.com/alexcabrera/ayo/internal/agent/agent.go:972.40,974.3 1 1
github.com/alexcabrera/ayo/internal/agent/agent.go:975.2,976.31 2 3
github.com/alexcabrera/ayo/internal/agent/agent.go:976.31,978.3 1 2
github.com/alexcabrera/ayo/internal/agent/agent.go:979.2,979.31 1 3
github.com/alexcabrera/ayo/internal/agent/agent.go:979.31,980.15 1 2
github.com/alexcabrera/ayo/internal/agent/agent.go:980.15,982.4 1 0
github.com/alexcabrera/ayo/internal/agent/agent.go:986.2,986.44 1 3
github.com/alexcabrera/ayo/internal/agent/agent.go:986.44,988.3 1 0
github.com/alexcabrera/ayo/internal/agent/agent.go:989.2,989.40 1 3
github.com/alexcabrera/ayo/internal/agent/agent.go:989.40,991.14 2 2
github.com/alexcabrera/ayo/internal/agent/agent.go:991.14,993.4 1 0
github.com/alexcabrera/ayo/internal/agent/agent.go:994.3,994.34 1 2
github.com/alexcabrera/ayo/internal/agent/agent.go:994.34,996.4 1 0
github.com/alexcabrera/ayo/internal/agent/agent.go:999.2,999.13 1 3
github.com/alexcabrera/ayo/internal/agent/agent.go:1003.86,1004.32 1 0
github.com/alexcabrera/ayo/internal/agent/agent.go:1004.32,1006.3 1 0
github.com/alexcabrera/ayo/internal/agent/agent.go:1008.2,1009.16 2 0
github.com/alexcabrera/ayo/internal/agent/agent.go:1009.16,1011.3 1 0
github.com/alexcabrera/ayo/internal/agent/agent.go:1013.2,1014.33 2 0
github.com/alexcabrera/ayo/internal/agent/agent.go:1014.33,1015.30 1 0
github.com/alexcabrera/ayo/internal/agent/agent.go:1015.30,1016.12 1 0
github.com/alexcabrera/ayo/internal/agent/agent.go:1019.3,1020.17 2 0
github.com/alexcabrera/ayo/internal/agent/agent.go:1020.17,1021.12 1 0
github.com/alexcabrera/ayo/internal/agent/agent.go:1024.3,1025.32 2 0
github.com/alexcabrera/ayo/internal/agent/agent.go:1025.32,1030.4 1 0
github.com/alexcabrera/ayo/internal/agent/agent.go:1034.2,1035.24 2 0
github.com/alexcabrera/ayo/internal/agent/agent.go:1039.84,1041.16 2 0
github.com/alexcabrera/ayo/internal/agent/agent.go:1041.16,1043.3 1 0
github.com/alexcabrera/ayo/internal/agent/agent.go:1045.2,1046.33 2 0
github.com/alexcabrera/ayo/internal/agent/agent.go:1046.33,1047.30 1 0
github.com/alexcabrera/ayo/internal/agent/agent.go:1047.30,1048.12 1 0
github.com/alexcabrera/ayo/internal/agent/agent.go:1051.3,1052.17 2 0
github.com/alexcabrera/ayo/internal/agent/agent.go:1052.17,1053.12 1 0
github.com/alexcabrera/ayo/internal/agent/agent.go:1056.3,1056.33 1 0
github.com/alexcabrera/ayo/internal/agent/agent.go:1056.33,1057.12 1 0
github.com/alexcabrera/ayo/internal/agent/agent.go:1060.3,1061.32 2 0
github.com/alexcabrera/ayo/internal/agent/agent.go:1061.32,1066.4 1 0
github.com/alexcabrera/ayo/internal/agent/agent.go:1069.2,1070.24 2 0
github.com/alexcabrera/ayo/internal/agent/agent.go:1074.51,1075.41 1 0
github.com/alexcabrera/ayo/internal/agent/agent.go:1075.41,1077.57 1 0
github.com/alexcabrera/ayo/internal/agent/agent.go:1077.57,1079.4 1 0
github.com/alexcabrera/ayo/internal/agent/agent.go:1081.3,1081.57 1 0
github.com/alexcabrera/ayo/internal/agent/agent.go:1086.36,1088.2 1 4
github.com/alexcabrera/ayo/internal/agent/agent.go:1091.62,1093.16 2 0
github.com/alexcabrera/ayo/internal/agent/agent.go:1093.16,1095.3 1 0
github.com/alexcabrera/ayo/internal/agent/agent.go:1097.2,1098.33 2 0
github.com/alexcabrera/ayo/internal/agent/agent.go:1098.33,1100.17 2 0
github.com/alexcabrera/ayo/internal/agent/agent.go:1100.17,1101.12 1 0
github.com/alexcabrera/ayo/internal/agent/agent.go:1103.3,1103.23 1 0
github.com/alexcabrera/ayo/internal/agent/agent.go:1103.23,1105.4 1 0
github.com/alexcabrera/ayo/internal/agent/agent.go:1107.2,1107.23 1 0
github.com/alexcabrera/ayo/internal/agent/memory_context.go:18.147,19.32 1 0
github.com/alexcabrera/ayo/internal/agent/memory_context.go:19.32,21.3 1 0
github.com/alexcabrera/ayo/internal/agent/memory_context.go:23.2,24.20 2 0
github.com/alexcabrera/ayo/internal/agent/memory_context.go:24.20,26.3 1 0
github.com/alexcabrera/ayo/internal/agent/memory_context.go:28.2,29.18 2 0
github.com/alexcabrera/ayo/internal/agent/memory_context.go:29.18,31.3 1 0
github.com/alexcabrera/ayo/internal/agent/memory_context.go:34.2,35.19 2 0
github.com/alexcabrera/ayo/internal/agent/memory_context.go:36.15,37.28 1 0
github.com/alexcabrera/ayo/internal/agent/memory_context.go:38.16,39.19 1 0
github.com/alexcabrera/ayo/internal/agent/memory_context.go:40.20,41.19 1 0
github.com/alexcabrera/ayo/internal/agent/memory_context.go:44.2,50.16 2 0
github.com/alexcabrera/ayo/internal/agent/memory_context.go:50.16,52.3 1 0
github.com/alexcabrera/ayo/internal/agent/memory_context.go:54.2,54.23 1 0
github.com/alexcabrera/ayo/internal/agent/memory_context.go:54.23,56.3 1 0
github.com/alexcabrera/ayo/internal/agent/memory_context.go:59.2,64.8 2 0
github.com/alexcabrera/ayo/internal/agent/memory_context.go:68.84,69.23 1 0
github.com/alexcabrera/ayo/internal/agent/memory_context.go:69.23,71.3 1 0
github.com/alexcabrera/ayo/internal/agent/memory_context.go:73.2,78.28 5 0
github.com/alexcabrera/ayo/internal/agent/memory_context.go:78.28,84.72 3 0
github.com/alexcabrera/ayo/internal/agent/memory_context.go:84.72,86.4 1 0
github.com/alexcabrera/ayo/internal/agent/memory_context.go:87.3,87.31 1 0
github.com/alexcabrera/ayo/internal/agent/memory_context.go:87.31,89.4 1 0
github.com/alexcabrera/ayo/internal/agent/memory_context.go:90.3,90.20 1 0
github.com/alexcabrera/ayo/internal/agent/memory_context.go:90.20,92.4 1 0
github.com/alexcabrera/ayo/internal/agent/memory_context.go:95.2,96.20 2 0
github.com/alexcabrera/ayo/internal/agent/memory_context.go:100.80,101.49 1 0
github.com/alexcabrera/ayo/internal/agent/memory_context.go:101.49,103.3 1 0
github.com/alexcabrera/ayo/internal/agent/memory_context.go:106.2,106.50 1 0
github.com/alexcabrera/ayo/internal/agent/skills_prompt.go:10.56,11.21 1 20
github.com/alexcabrera/ayo/internal/agent/skills_prompt.go:11.21,13.3 1 2
github.com/alexcabrera/ayo/internal/agent/skills_prompt.go:14.2,16.41 3 18
github.com/alexcabrera/ayo/internal/agent/skills_prompt.go:16.41,16.83 1 85
github.com/alexcabrera/ayo/internal/agent/skills_prompt.go:18.2,23.27 5 18
github.com/alexcabrera/ayo/internal/agent/skills_prompt.go:23.27,27.19 4 103
github.com/alexcabrera/ayo/internal/agent/skills_prompt.go:27.19,29.4 1 103
github.com/alexcabrera/ayo/internal/agent/skills_prompt.go:32.3,33.19 2 103
github.com/alexcabrera/ayo/internal/agent/skills_prompt.go:33.19,35.4 1 1
github.com/alexcabrera/ayo/internal/agent/skills_prompt.go:36.3,36.16 1 103
github.com/alexcabrera/ayo/internal/agent/skills_prompt.go:36.16,38.4 1 1
github.com/alexcabrera/ayo/internal/agent/skills_prompt.go:39.3,39.18 1 103
github.com/alexcabrera/ayo/internal/agent/skills_prompt.go:39.18,41.4 1 0
github.com/alexcabrera/ayo/internal/agent/skills_prompt.go:42.3,42.25 1 103
github.com/alexcabrera/ayo/internal/agent/skills_prompt.go:42.25,44.4 1 1
github.com/alexcabrera/ayo/internal/agent/skills_prompt.go:46.3,46.32 1 103
github.com/alexcabrera/ayo/internal/agent/skills_prompt.go:48.2,49.19 2 18
github.com/alexcabrera/ayo/internal/agent/skills_prompt.go:52.33,61.2 2 316
github.com/alexcabrera/ayo/internal/agent/tools_prompt.go:11.35,14.16 2 0
github.com/alexcabrera/ayo/internal/agent/tools_prompt.go:14.16,16.3 1 0
github.com/alexcabrera/ayo/internal/agent/tools_prompt.go:18.2,18.29 1 0
github.com/alexcabrera/ayo/internal/agent/tools_prompt.go:18.29,20.3 1 0
github.com/alexcabrera/ayo/internal/agent/tools_prompt.go:22.2,23.22 2 0
github.com/alexcabrera/ayo/internal/agent/tools_prompt.go:23.22,25.3 1 0
github.com/alexcabrera/ayo/internal/agent/tools_prompt.go:28.2,29.16 2 0
github.com/alexcabrera/ayo/internal/agent/tools_prompt.go:29.16,31.3 1 0
github.com/alexcabrera/ayo/internal/agent/tools_prompt.go:33.2,33.48 1 0
github.com/alexcabrera/ayo/internal/agent/tools_prompt.go:33.48,34.37 1 0
github.com/alexcabrera/ayo/internal/agent/tools_prompt.go:34.37,35.26 1 0
github.com/alexcabrera/ayo/internal/agent/tools_prompt.go:35.26,37.5 1 0
github.com/alexcabrera/ayo/internal/agent/tools_prompt.go:41.2,41.14 1 0
github.com/alexcabrera/ayo/internal/agent/tools_prompt.go:45.53,47.28 1 18
github.com/alexcabrera/ayo/internal/agent/tools_prompt.go:47.28,49.3 1 15
github.com/alexcabrera/ayo/internal/agent/tools_prompt.go:51.2,54.33 4 18
github.com/alexcabrera/ayo/internal/agent/tools_prompt.go:54.33,55.12 1 18
github.com/alexcabrera/ayo/internal/agent/tools_prompt.go:56.15,57.18 1 16
github.com/alexcabrera/ayo/internal/agent/tools_prompt.go:58.17,59.20 1 1
github.com/alexcabrera/ayo/internal/agent/tools_prompt.go:60.17,61.20 1 0
github.com/alexcabrera/ayo/internal/agent/tools_prompt.go:66.2,68.48 2 18
github.com/alexcabrera/ayo/internal/agent/tools_prompt.go:68.48,70.3 1 1
github.com/alexcabrera/ayo/internal/agent/tools_prompt.go:72.2,75.13 3 17
github.com/alexcabrera/ayo/internal/agent/tools_prompt.go:75.13,102.3 20 16
github.com/alexcabrera/ayo/internal/agent/tools_prompt.go:104.2,104.15 1 17
github.com/alexcabrera/ayo/internal/agent/tools_prompt.go:104.15,136.3 26 1
github.com/alexcabrera/ayo/internal/agent/tools_prompt.go:138.2,138.21 1 17
github.com/alexcabrera/ayo/internal/agent/tools_prompt.go:138.21,157.3 15 0
github.com/alexcabrera/ayo/internal/agent/tools_prompt.go:159.2,160.19 2 17
github.com/alexcabrera/ayo/internal/daemon/client.go:27.26,29.2 1 3
github.com/alexcabrera/ayo/internal/daemon/client.go:32.53,34.2 1 0
github.com/alexcabrera/ayo/internal/daemon/client.go:37.74,38.17 1 1
github.com/alexcabrera/ayo/internal/daemon/client.go:38.17,40.3 1 0
github.com/alexcabrera/ayo/internal/daemon/client.go:42.2,45.31 3 1
github.com/alexcabrera/ayo/internal/daemon/client.go:45.31,48.3 1 0
github.com/alexcabrera/ayo/internal/daemon/client.go:48.8,50.3 1 1
github.com/alexcabrera/ayo/internal/daemon/client.go:51.2,51.16 1 1
github.com/alexcabrera/ayo/internal/daemon/client.go:51.16,53.3 1 0
github.com/alexcabrera/ayo/internal/daemon/client.go:55.2,60.12 5 1
github.com/alexcabrera/ayo/internal/daemon/client.go:64.32,65.18 1 1
github.com/alexcabrera/ayo/internal/daemon/client.go:65.18,67.3 1 0
github.com/alexcabrera/ayo/internal/daemon/client.go:68.2,69.19 2 1
github.com/alexcabrera/ayo/internal/daemon/client.go:69.19,71.3 1 1
github.com/alexcabrera/ayo/internal/daemon/client.go:72.2,72.12 1 0
github.com/alexcabrera/ayo/internal/daemon/client.go:76.37,78.2 1 1
github.com/alexcabrera/ayo/internal/daemon/client.go:81.89,82.18 1 8
github.com/alexcabrera/ayo/internal/daemon/client.go:82.18,84.3 1 0
github.com/alexcabrera/ayo/internal/daemon/client.go:86.2,89.16 3 8
github.com/alexcabrera/ayo/internal/daemon/client.go:89.16,91.3 1 0
github.com/alexcabrera/ayo/internal/daemon/client.go:94.2,94.46 1 8
github.com/alexcabrera/ayo/internal/daemon/client.go:94.46,96.3 1 0
github.com/alexcabrera/ayo/internal/daemon/client.go:99.2,100.16 2 8
github.com/alexcabrera/ayo/internal/daemon/client.go:100.16,102.3 1 0
github.com/alexcabrera/ayo/internal/daemon/client.go:104.2,105.52 2 8
github.com/alexcabrera/ayo/internal/daemon/client.go:105.52,107.3 1 0
github.com/alexcabrera/ayo/internal/daemon/client.go:109.2,109.23 1 8
github.com/alexcabrera/ayo/internal/daemon/client.go:109.23,111.3 1 0
github.com/alexcabrera/ayo/internal/daemon/client.go:113.2,113.41 1 8
github.com/alexcabrera/ayo/internal/daemon/client.go:113.41,114.61 1 6
github.com/alexcabrera/ayo/internal/daemon/client.go:114.61,116.4 1 0
github.com/alexcabrera/ayo/internal/daemon/client.go:119.2,119.12 1 8
github.com/alexcabrera/ayo/internal/daemon/client.go:123.50,125.62 2 1
github.com/alexcabrera/ayo/internal/daemon/client.go:125.62,127.3 1 0
github.com/alexcabrera/ayo/internal/daemon/client.go:128.2,128.18 1 1
github.com/alexcabrera/ayo/internal/daemon/client.go:128.18,130.3 1 0
github.com/alexcabrera/ayo/internal/daemon/client.go:131.2,131.12 1 1
github.com/alexcabrera/ayo/internal/daemon/client.go:135.69,137.64 2 1
github.com/alexcabrera/ayo/internal/daemon/client.go:137.64,139.3 1 0
github.com/alexcabrera/ayo/internal/daemon/client.go:140.2,140.21 1 1
github.com/alexcabrera/ayo/internal/daemon/client.go:144.69,147.2 2 0
github.com/alexcabrera/ayo/internal/daemon/client.go:150.112,153.75 3 2
github.com/alexcabrera/ayo/internal/daemon/client.go:153.75,155.3 1 0
github.com/alexcabrera/ayo/internal/daemon/client.go:156.2,156.21 1 2
github.com/alexcabrera/ayo/internal/daemon/client.go:160.78,163.2 2 2
github.com/alexcabrera/ayo/internal/daemon/client.go:166.131,174.72 3 1
github.com/alexcabrera/ayo/internal/daemon/client.go:174.72,176.3 1 0
github.com/alexcabrera/ayo/internal/daemon/client.go:177.2,177.21 1 1
github.com/alexcabrera/ayo/internal/daemon/client.go:181.83,183.71 2 1
github.com/alexcabrera/ayo/internal/daemon/client.go:183.71,185.3 1 0
github.com/alexcabrera/ayo/internal/daemon/client.go:186.2,186.21 1 1
github.com/alexcabrera/ayo/internal/daemon/client.go:190.29,193.16 3 1
github.com/alexcabrera/ayo/internal/daemon/client.go:193.16,195.3 1 1
github.com/alexcabrera/ayo/internal/daemon/client.go:197.2,198.16 2 0
github.com/alexcabrera/ayo/internal/daemon/client.go:198.16,200.3 1 0
github.com/alexcabrera/ayo/internal/daemon/client.go:203.2,204.16 2 0
github.com/alexcabrera/ayo/internal/daemon/client.go:204.16,206.3 1 0
github.com/alexcabrera/ayo/internal/daemon/client.go:209.2,209.31 1 0
github.com/alexcabrera/ayo/internal/daemon/client.go:209.31,210.59 1 0
github.com/alexcabrera/ayo/internal/daemon/client.go:210.59,212.4 1 0
github.com/alexcabrera/ayo/internal/daemon/client.go:215.2,215.13 1 0
github.com/alexcabrera/ayo/internal/daemon/client.go:219.59,223.44 2 0
github.com/alexcabrera/ayo/internal/daemon/client.go:223.44,225.42 1 0
github.com/alexcabrera/ayo/internal/daemon/client.go:225.42,227.4 1 0
github.com/alexcabrera/ayo/internal/daemon/client.go:228.3,228.17 1 0
github.com/alexcabrera/ayo/internal/daemon/client.go:232.2,232.48 1 0
github.com/alexcabrera/ayo/internal/daemon/client.go:232.48,234.3 1 0
github.com/alexcabrera/ayo/internal/daemon/client.go:237.2,238.34 2 0
github.com/alexcabrera/ayo/internal/daemon/client.go:238.34,241.45 2 0
github.com/alexcabrera/ayo/internal/daemon/client.go:241.45,242.43 1 0
github.com/alexcabrera/ayo/internal/daemon/client.go:242.43,244.5 1 0
github.com/alexcabrera/ayo/internal/daemon/client.go:245.4,245.18 1 0
github.com/alexcabrera/ayo/internal/daemon/client.go:249.2,249.61 1 0
github.com/alexcabrera/ayo/internal/daemon/client.go:253.36,255.16 2 0
github.com/alexcabrera/ayo/internal/daemon/client.go:255.16,257.3 1 0
github.com/alexcabrera/ayo/internal/daemon/client.go:260.2,267.16 3 0
github.com/alexcabrera/ayo/internal/daemon/client.go:267.16,269.3 1 0
github.com/alexcabrera/ayo/internal/daemon/client.go:272.2,272.42 1 0
github.com/alexcabrera/ayo/internal/daemon/client.go:272.42,274.3 1 0
github.com/alexcabrera/ayo/internal/daemon/client.go:276.2,276.12 1 0
github.com/alexcabrera/ayo/internal/daemon/protocol.go:34.32,36.2 1 1
github.com/alexcabrera/ayo/internal/daemon/protocol.go:56.48,58.2 1 2
github.com/alexcabrera/ayo/internal/daemon/protocol.go:61.72,63.19 2 9
github.com/alexcabrera/ayo/internal/daemon/protocol.go:63.19,65.17 2 6
github.com/alexcabrera/ayo/internal/daemon/protocol.go:65.17,67.4 1 0
github.com/alexcabrera/ayo/internal/daemon/protocol.go:68.3,68.19 1 6
github.com/alexcabrera/ayo/internal/daemon/protocol.go:70.2,75.8 1 9
github.com/alexcabrera/ayo/internal/daemon/protocol.go:79.59,81.19 2 9
github.com/alexcabrera/ayo/internal/daemon/protocol.go:81.19,83.17 2 9
github.com/alexcabrera/ayo/internal/daemon/protocol.go:83.17,85.4 1 0
github.com/alexcabrera/ayo/internal/daemon/protocol.go:86.3,86.19 1 9
github.com/alexcabrera/ayo/internal/daemon/protocol.go:88.2,92.8 1 9
github.com/alexcabrera/ayo/internal/daemon/protocol.go:96.55,102.2 1 1
github.com/alexcabrera/ayo/internal/daemon/server.go:43.41,53.2 1 3
github.com/alexcabrera/ayo/internal/daemon/server.go:56.33,57.31 1 4
github.com/alexcabrera/ayo/internal/daemon/server.go:57.31,59.3 1 0
github.com/alexcabrera/ayo/internal/daemon/server.go:60.2,60.54 1 4
github.com/alexcabrera/ayo/internal/daemon/server.go:64.30,66.2 1 8
github.com/alexcabrera/ayo/internal/daemon/server.go:69.51,81.2 3 3
github.com/alexcabrera/ayo/internal/daemon/server.go:84.70,86.15 2 3
github.com/alexcabrera/ayo/internal/daemon/server.go:86.15,89.3 2 0
github.com/alexcabrera/ayo/internal/daemon/server.go:90.2,95.69 4 3
github.com/alexcabrera/ayo/internal/daemon/server.go:95.69,97.3 1 0
github.com/alexcabrera/ayo/internal/daemon/server.go:100.2,100.68 1 3
github.com/alexcabrera/ayo/internal/daemon/server.go:100.68,102.3 1 0
github.com/alexcabrera/ayo/internal/daemon/server.go:105.2,106.31 2 3
github.com/alexcabrera/ayo/internal/daemon/server.go:106.31,109.3 1 0
github.com/alexcabrera/ayo/internal/daemon/server.go:109.8,111.3 1 3
github.com/alexcabrera/ayo/internal/daemon/server.go:112.2,112.16 1 3
github.com/alexcabrera/ayo/internal/daemon/server.go:112.16,114.3 1 0
github.com/alexcabrera/ayo/internal/daemon/server.go:117.2,117.42 1 3
github.com/alexcabrera/ayo/internal/daemon/server.go:117.42,120.3 2 0
github.com/alexcabrera/ayo/internal/daemon/server.go:123.2,123.41 1 3
github.com/alexcabrera/ayo/internal/daemon/server.go:123.41,126.3 2 0
github.com/alexcabrera/ayo/internal/daemon/server.go:129.2,132.12 3 3
github.com/alexcabrera/ayo/internal/daemon/server.go:136.50,138.16 2 3
github.com/alexcabrera/ayo/internal/daemon/server.go:138.16,141.3 2 0
github.com/alexcabrera/ayo/internal/daemon/server.go:142.2,149.23 4 3
github.com/alexcabrera/ayo/internal/daemon/server.go:149.23,151.3 1 3
github.com/alexcabrera/ayo/internal/daemon/server.go:154.2,154.19 1 3
github.com/alexcabrera/ayo/internal/daemon/server.go:154.19,156.3 1 3
github.com/alexcabrera/ayo/internal/daemon/server.go:159.2,160.12 2 3
github.com/alexcabrera/ayo/internal/daemon/server.go:160.12,163.3 2 3
github.com/alexcabrera/ayo/internal/daemon/server.go:165.2,165.9 1 3
github.com/alexcabrera/ayo/internal/daemon/server.go:166.14,166.14 0 3
github.com/alexcabrera/ayo/internal/daemon/server.go:167.20,168.19 1 0
github.com/alexcabrera/ayo/internal/daemon/server.go:172.2,174.12 2 3
github.com/alexcabrera/ayo/internal/daemon/server.go:178.34,179.23 1 1
github.com/alexcabrera/ayo/internal/daemon/server.go:179.23,181.3 1 0
github.com/alexcabrera/ayo/internal/daemon/server.go:182.2,182.26 1 1
github.com/alexcabrera/ayo/internal/daemon/server.go:185.50,188.6 2 3
github.com/alexcabrera/ayo/internal/daemon/server.go:188.6,189.10 1 4
github.com/alexcabrera/ayo/internal/daemon/server.go:190.23,191.10 1 1
github.com/alexcabrera/ayo/internal/daemon/server.go:192.21,193.10 1 0
github.com/alexcabrera/ayo/internal/daemon/server.go:194.11,194.11 0 3
github.com/alexcabrera/ayo/internal/daemon/server.go:197.3,198.17 2 3
github.com/alexcabrera/ayo/internal/daemon/server.go:198.17,199.11 1 2
github.com/alexcabrera/ayo/internal/daemon/server.go:200.24,201.11 1 2
github.com/alexcabrera/ayo/internal/daemon/server.go:202.12,203.13 1 0
github.com/alexcabrera/ayo/internal/daemon/server.go:207.3,209.35 3 1
github.com/alexcabrera/ayo/internal/daemon/server.go:213.71,214.15 1 1
github.com/alexcabrera/ayo/internal/daemon/server.go:214.15,218.3 3 1
github.com/alexcabrera/ayo/internal/daemon/server.go:220.2,223.6 3 1
github.com/alexcabrera/ayo/internal/daemon/server.go:223.6,224.10 1 9
github.com/alexcabrera/ayo/internal/daemon/server.go:225.23,226.10 1 0
github.com/alexcabrera/ayo/internal/daemon/server.go:227.21,228.10 1 0
github.com/alexcabrera/ayo/internal/daemon/server.go:229.11,229.11 0 9
github.com/alexcabrera/ayo/internal/daemon/server.go:233.3,234.17 2 9
github.com/alexcabrera/ayo/internal/daemon/server.go:234.17,236.4 1 1
github.com/alexcabrera/ayo/internal/daemon/server.go:238.3,239.52 2 8
github.com/alexcabrera/ayo/internal/daemon/server.go:239.52,242.12 3 0
github.com/alexcabrera/ayo/internal/daemon/server.go:246.3,247.46 2 8
github.com/alexcabrera/ayo/internal/daemon/server.go:247.46,249.4 1 0
github.com/alexcabrera/ayo/internal/daemon/server.go:253.77,254.20 1 8
github.com/alexcabrera/ayo/internal/daemon/server.go:255.18,256.27 1 1
github.com/alexcabrera/ayo/internal/daemon/server.go:257.20,258.29 1 1
github.com/alexcabrera/ayo/internal/daemon/server.go:259.22,260.31 1 0
github.com/alexcabrera/ayo/internal/daemon/server.go:261.28,262.42 1 2
github.com/alexcabrera/ayo/internal/daemon/server.go:263.28,264.42 1 2
github.com/alexcabrera/ayo/internal/daemon/server.go:265.25,266.39 1 1
github.com/alexcabrera/ayo/internal/daemon/server.go:267.27,268.36 1 1
github.com/alexcabrera/ayo/internal/daemon/server.go:269.10,270.100 1 0
github.com/alexcabrera/ayo/internal/daemon/server.go:274.53,277.2 2 1
github.com/alexcabrera/ayo/internal/daemon/server.go:279.55,300.2 6 1
github.com/alexcabrera/ayo/internal/daemon/server.go:302.57,304.23 2 0
github.com/alexcabrera/ayo/internal/daemon/server.go:304.23,306.3 1 0
github.com/alexcabrera/ayo/internal/daemon/server.go:309.2,312.12 2 0
github.com/alexcabrera/ayo/internal/daemon/server.go:312.12,315.3 2 0
github.com/alexcabrera/ayo/internal/daemon/server.go:317.2,317.13 1 0
github.com/alexcabrera/ayo/internal/daemon/server.go:320.84,322.60 2 2
github.com/alexcabrera/ayo/internal/daemon/server.go:322.60,324.3 1 0
github.com/alexcabrera/ayo/internal/daemon/server.go:326.2,326.24 1 2
github.com/alexcabrera/ayo/internal/daemon/server.go:326.24,330.3 3 2
github.com/alexcabrera/ayo/internal/daemon/server.go:332.2,333.16 2 2
github.com/alexcabrera/ayo/internal/daemon/server.go:333.16,335.3 1 0
github.com/alexcabrera/ayo/internal/daemon/server.go:337.2,343.13 3 2
github.com/alexcabrera/ayo/internal/daemon/server.go:346.84,348.60 2 2
github.com/alexcabrera/ayo/internal/daemon/server.go:348.60,350.3 1 0
github.com/alexcabrera/ayo/internal/daemon/server.go:352.2,352.62 1 2
github.com/alexcabrera/ayo/internal/daemon/server.go:352.62,354.3 1 0
github.com/alexcabrera/ayo/internal/daemon/server.go:356.2,357.13 2 2
github.com/alexcabrera/ayo/internal/daemon/server.go:360.81,362.60 2 1
github.com/alexcabrera/ayo/internal/daemon/server.go:362.60,364.3 1 0
github.com/alexcabrera/ayo/internal/daemon/server.go:366.2,367.24 2 1
github.com/alexcabrera/ayo/internal/daemon/server.go:367.24,369.3 1 1
github.com/alexcabrera/ayo/internal/daemon/server.go:371.2,376.16 2 1
github.com/alexcabrera/ayo/internal/daemon/server.go:376.16,378.3 1 0
github.com/alexcabrera/ayo/internal/daemon/server.go:380.2,388.13 3 1
github.com/alexcabrera/ayo/internal/daemon/server.go:391.62,401.2 4 1
github.com/alexcabrera/ayo/internal/daemon/server.go:403.39,406.2 2 3
github.com/alexcabrera/ayo/internal/db/connect.go:20.67,21.18 1 4
github.com/alexcabrera/ayo/internal/db/connect.go:21.18,23.3 1 1
github.com/alexcabrera/ayo/internal/db/connect.go:26.2,27.47 2 3
github.com/alexcabrera/ayo/internal/db/connect.go:27.47,29.3 1 0
github.com/alexcabrera/ayo/internal/db/connect.go:32.2,33.16 2 3
github.com/alexcabrera/ayo/internal/db/connect.go:33.16,35.3 1 0
github.com/alexcabrera/ayo/internal/db/connect.go:38.2,38.75 1 3
github.com/alexcabrera/ayo/internal/db/connect.go:38.75,41.3 2 0
github.com/alexcabrera/ayo/internal/db/connect.go:44.2,44.76 1 3
github.com/alexcabrera/ayo/internal/db/connect.go:44.76,47.3 2 0
github.com/alexcabrera/ayo/internal/db/connect.go:49.2,49.43 1 3
github.com/alexcabrera/ayo/internal/db/connect.go:49.43,52.3 2 0
github.com/alexcabrera/ayo/internal/db/connect.go:55.2,58.52 3 3
github.com/alexcabrera/ayo/internal/db/connect.go:58.52,61.3 2 0
github.com/alexcabrera/ayo/internal/db/connect.go:63.2,63.51 1 3
github.com/alexcabrera/ayo/internal/db/connect.go:63.51,66.3 2 0
github.com/alexcabrera/ayo/internal/db/connect.go:68.2,68.16 1 3
github.com/alexcabrera/ayo/internal/db/connect.go:72.88,74.16 2 1
github.com/alexcabrera/ayo/internal/db/connect.go:74.16,76.3 1 0
github.com/alexcabrera/ayo/internal/db/connect.go:78.2,79.16 2 1
github.com/alexcabrera/ayo/internal/db/connect.go:79.16,82.3 2 0
github.com/alexcabrera/ayo/internal/db/connect.go:84.2,84.25 1 1
github.com/alexcabrera/ayo/internal/db/db.go:20.28,22.2 1 0
github.com/alexcabrera/ayo/internal/db/db.go:24.62,27.88 3 1
github.com/alexcabrera/ayo/internal/db/db.go:27.88,29.3 1 0
github.com/alexcabrera/ayo/internal/db/db.go:30.2,30.96 1 1
github.com/alexcabrera/ayo/internal/db/db.go:30.96,32.3 1 0
github.com/alexcabrera/ayo/internal/db/db.go:33.2,33.86 1 1
[...]
github.com/alexcabrera/ayo/internal/ui/chat/statusbar.go:34.41,36.2 1 32
github.com/alexcabrera/ayo/internal/ui/chat/statusbar.go:39.47,41.2 1 6
github.com/alexcabrera/ayo/internal/ui/chat/statusbar.go:44.75,48.2 3 7
github.com/alexcabrera/ayo/internal/ui/chat/statusbar.go:51.44,53.2 1 19
github.com/alexcabrera/ayo/internal/ui/chat/statusbar.go:56.37,57.18 1 37
github.com/alexcabrera/ayo/internal/ui/chat/statusbar.go:57.18,59.3 1 20
github.com/alexcabrera/ayo/internal/ui/chat/statusbar.go:61.2,67.23 4 37
github.com/alexcabrera/ayo/internal/ui/chat/statusbar.go:67.23,71.3 3 4
github.com/alexcabrera/ayo/internal/ui/chat/statusbar.go:74.2,74.22 1 37
github.com/alexcabrera/ayo/internal/ui/chat/statusbar.go:74.22,78.26 3 5
github.com/alexcabrera/ayo/internal/ui/chat/statusbar.go:78.26,83.4 4 4
github.com/alexcabrera/ayo/internal/ui/chat/statusbar.go:83.9,85.4 1 1
github.com/alexcabrera/ayo/internal/ui/chat/statusbar.go:88.2,98.17 6 37
github.com/alexcabrera/ayo/internal/ui/chat/statusbar.go:98.17,101.3 1 1
github.com/alexcabrera/ayo/internal/ui/chat/statusbar.go:103.2,104.37 2 36
github.com/alexcabrera/ayo/internal/ui/chat/statusbar.go:108.66,109.25 1 7
github.com/alexcabrera/ayo/internal/ui/chat/statusbar.go:109.25,111.3 1 6
github.com/alexcabrera/ayo/internal/ui/chat/statusbar.go:112.2,112.32 1 1
github.com/alexcabrera/ayo/internal/ui/chat/statusbar.go:116.45,117.25 1 3
github.com/alexcabrera/ayo/internal/ui/chat/statusbar.go:118.22,119.28 1 1
github.com/alexcabrera/ayo/internal/ui/chat/statusbar.go:120.23,121.53 1 1
github.com/alexcabrera/ayo/internal/ui/chat/statusbar.go:122.16,123.22 1 1
github.com/alexcabrera/ayo/internal/ui/styles/styles.go:51.29,52.21 1 3
github.com/alexcabrera/ayo/internal/ui/styles/styles.go:52.21,58.3 1 2
github.com/alexcabrera/ayo/internal/ui/styles/styles.go:59.2,59.17 1 3
github.com/alexcabrera/ayo/internal/ui/styles/styles.go:72.45,80.2 1 1
github.com/alexcabrera/ayo/internal/ui/styles/styles.go:83.45,91.2 1 1
github.com/alexcabrera/ayo/internal/ui/styles/styles.go:104.28,130.2 1 7
github.com/alexcabrera/ayo/internal/ui/styles/styles.go:136.28,138.2 1 3
github.com/alexcabrera/ayo/internal/ui/styles/styles.go:141.25,143.2 1 2
github.com/alexcabrera/ayo/internal/ui/styles/styles.go:149.64,150.42 1 3
github.com/alexcabrera/ayo/internal/ui/styles/styles.go:150.42,155.17 2 3
github.com/alexcabrera/ayo/internal/ui/styles/styles.go:155.17,157.4 1 0
github.com/alexcabrera/ayo/internal/ui/styles/styles.go:158.3,158.23 1 3
github.com/alexcabrera/ayo/internal/ui/styles/styles.go:160.2,160.25 1 3
github.com/alexcabrera/ayo/internal/ui/styles/styles.go:164.55,166.14 2 2
github.com/alexcabrera/ayo/internal/ui/styles/styles.go:166.14,168.3 1 0
github.com/alexcabrera/ayo/internal/ui/styles/styles.go:169.2,170.16 2 2
github.com/alexcabrera/ayo/internal/ui/styles/styles.go:170.16,172.3 1 0
github.com/alexcabrera/ayo/internal/ui/styles/styles.go:173.2,173.17 1 2
github.com/alexcabrera/ayo/internal/flows/discover.go:11.46,15.27 3 4
github.com/alexcabrera/ayo/internal/flows/discover.go:15.27,18.17 3 5
github.com/alexcabrera/ayo/internal/flows/discover.go:18.17,20.26 1 1
github.com/alexcabrera/ayo/internal/flows/discover.go:20.26,21.13 1 1
github.com/alexcabrera/ayo/internal/flows/discover.go:23.4,23.19 1 0
github.com/alexcabrera/ayo/internal/flows/discover.go:26.3,26.32 1 4
github.com/alexcabrera/ayo/internal/flows/discover.go:26.32,27.21 1 4
github.com/alexcabrera/ayo/internal/flows/discover.go:27.21,30.5 2 3
github.com/alexcabrera/ayo/internal/flows/discover.go:34.2,34.19 1 4
github.com/alexcabrera/ayo/internal/flows/discover.go:39.46,41.16 2 14
github.com/alexcabrera/ayo/internal/flows/discover.go:41.16,43.3 1 1
github.com/alexcabrera/ayo/internal/flows/discover.go:45.2,45.18 1 13
github.com/alexcabrera/ayo/internal/flows/discover.go:45.18,47.3 1 3
github.com/alexcabrera/ayo/internal/flows/discover.go:48.2,48.45 1 10
github.com/alexcabrera/ayo/internal/flows/discover.go:52.67,54.16 2 5
github.com/alexcabrera/ayo/internal/flows/discover.go:54.16,56.3 1 1
github.com/alexcabrera/ayo/internal/flows/discover.go:58.2,60.32 2 4
github.com/alexcabrera/ayo/internal/flows/discover.go:60.32,63.20 2 5
github.com/alexcabrera/ayo/internal/flows/discover.go:63.20,66.18 2 1
github.com/alexcabrera/ayo/internal/flows/discover.go:66.18,68.13 1 0
github.com/alexcabrera/ayo/internal/flows/discover.go:70.4,70.32 1 1
github.com/alexcabrera/ayo/internal/flows/discover.go:71.9,71.52 1 4
github.com/alexcabrera/ayo/internal/flows/discover.go:71.52,74.18 2 4
github.com/alexcabrera/ayo/internal/flows/discover.go:74.18,76.13 1 1
github.com/alexcabrera/ayo/internal/flows/discover.go:78.4,78.32 1 3
github.com/alexcabrera/ayo/internal/flows/discover.go:82.2,82.19 1 4
github.com/alexcabrera/ayo/internal/flows/discover.go:86.68,88.16 2 18
github.com/alexcabrera/ayo/internal/flows/discover.go:88.16,90.3 1 0
github.com/alexcabrera/ayo/internal/flows/discover.go:92.2,93.16 2 18
github.com/alexcabrera/ayo/internal/flows/discover.go:93.16,95.3 1 2
github.com/alexcabrera/ayo/internal/flows/discover.go:97.2,97.61 1 16
github.com/alexcabrera/ayo/internal/flows/discover.go:97.61,99.3 1 0
github.com/alexcabrera/ayo/internal/flows/discover.go:101.2,114.18 2 16
github.com/alexcabrera/ayo/internal/flows/discover.go:118.69,122.16 3 4
github.com/alexcabrera/ayo/internal/flows/discover.go:122.16,124.3 1 0
github.com/alexcabrera/ayo/internal/flows/discover.go:127.2,128.48 2 4
github.com/alexcabrera/ayo/internal/flows/discover.go:128.48,130.3 1 3
github.com/alexcabrera/ayo/internal/flows/discover.go:132.2,133.49 2 4
github.com/alexcabrera/ayo/internal/flows/discover.go:133.49,135.3 1 2
github.com/alexcabrera/ayo/internal/flows/discover.go:137.2,137.18 1 4
github.com/alexcabrera/ayo/internal/flows/discover.go:142.44,144.43 1 9
github.com/alexcabrera/ayo/internal/flows/discover.go:144.43,146.3 1 1
github.com/alexcabrera/ayo/internal/flows/discover.go:147.2,147.38 1 8
github.com/alexcabrera/ayo/internal/flows/discover.go:147.38,149.3 1 1
github.com/alexcabrera/ayo/internal/flows/discover.go:150.2,150.41 1 7
github.com/alexcabrera/ayo/internal/flows/discover.go:150.41,152.3 1 1
github.com/alexcabrera/ayo/internal/flows/discover.go:153.2,153.23 1 6
github.com/alexcabrera/ayo/internal/flows/execute.go:62.80,71.16 3 7
github.com/alexcabrera/ayo/internal/flows/execute.go:71.16,78.3 6 0
github.com/alexcabrera/ayo/internal/flows/execute.go:79.2,83.51 3 7
github.com/alexcabrera/ayo/internal/flows/execute.go:83.51,90.3 6 0
github.com/alexcabrera/ayo/internal/flows/execute.go:93.2,93.19 1 7
github.com/alexcabrera/ayo/internal/flows/execute.go:93.19,98.3 4 1
github.com/alexcabrera/ayo/internal/flows/execute.go:101.2,101.25 1 6
github.com/alexcabrera/ayo/internal/flows/execute.go:101.25,103.17 2 0
github.com/alexcabrera/ayo/internal/flows/execute.go:103.17,105.4 1 0
github.com/alexcabrera/ayo/internal/flows/execute.go:109.2,110.18 2 6
github.com/alexcabrera/ayo/internal/flows/execute.go:110.18,112.3 1 5
github.com/alexcabrera/ayo/internal/flows/execute.go:114.2,121.27 4 6
github.com/alexcabrera/ayo/internal/flows/execute.go:121.27,123.3 1 0
github.com/alexcabrera/ayo/internal/flows/execute.go:123.8,125.3 1 6
github.com/alexcabrera/ayo/internal/flows/execute.go:128.2,143.16 10 6
github.com/alexcabrera/ayo/internal/flows/execute.go:143.16,144.44 1 2
github.com/alexcabrera/ayo/internal/flows/execute.go:144.44,147.4 2 1
github.com/alexcabrera/ayo/internal/flows/execute.go:147.9,147.54 1 1
github.com/alexcabrera/ayo/internal/flows/execute.go:147.54,151.4 3 1
github.com/alexcabrera/ayo/internal/flows/execute.go:151.9,154.4 2 0
github.com/alexcabrera/ayo/internal/flows/execute.go:155.8,158.3 2 4
github.com/alexcabrera/ayo/internal/flows/execute.go:161.2,163.20 2 6
github.com/alexcabrera/ayo/internal/flows/execute.go:167.113,176.16 3 0
github.com/alexcabrera/ayo/internal/flows/execute.go:176.16,183.3 6 0
github.com/alexcabrera/ayo/internal/flows/execute.go:184.2,188.51 3 0
github.com/alexcabrera/ayo/internal/flows/execute.go:188.51,195.3 6 0
github.com/alexcabrera/ayo/internal/flows/execute.go:198.2,198.19 1 0
github.com/alexcabrera/ayo/internal/flows/execute.go:198.19,203.3 4 0
github.com/alexcabrera/ayo/internal/flows/execute.go:206.2,206.25 1 0
github.com/alexcabrera/ayo/internal/flows/execute.go:206.25,208.17 2 0
github.com/alexcabrera/ayo/internal/flows/execute.go:208.17,210.4 1 0
github.com/alexcabrera/ayo/internal/flows/execute.go:214.2,215.18 2 0
github.com/alexcabrera/ayo/internal/flows/execute.go:215.18,217.3 1 0
github.com/alexcabrera/ayo/internal/flows/execute.go:219.2,226.27 4 0
github.com/alexcabrera/ayo/internal/flows/execute.go:226.27,228.3 1 0
github.com/alexcabrera/ayo/internal/flows/execute.go:228.8,230.3 1 0
github.com/alexcabrera/ayo/internal/flows/execute.go:233.2,241.25 5 0
github.com/alexcabrera/ayo/internal/flows/execute.go:241.25,243.3 1 0
github.com/alexcabrera/ayo/internal/flows/execute.go:243.8,245.3 1 0
github.com/alexcabrera/ayo/internal/flows/execute.go:248.2,255.16 6 0
github.com/alexcabrera/ayo/internal/flows/execute.go:255.16,256.44 1 0
github.com/alexcabrera/ayo/internal/flows/execute.go:256.44,259.4 2 0
github.com/alexcabrera/ayo/internal/flows/execute.go:259.9,259.54 1 0
github.com/alexcabrera/ayo/internal/flows/execute.go:259.54,263.4 3 0
github.com/alexcabrera/ayo/internal/flows/execute.go:263.9,266.4 2 0
github.com/alexcabrera/ayo/internal/flows/execute.go:267.8,270.3 2 0
github.com/alexcabrera/ayo/internal/flows/execute.go:273.2,275.20 2 0
github.com/alexcabrera/ayo/internal/flows/execute.go:279.52,281.22 1 12
github.com/alexcabrera/ayo/internal/flows/execute.go:281.22,283.3 1 4
github.com/alexcabrera/ayo/internal/flows/execute.go:286.2,286.26 1 8
github.com/alexcabrera/ayo/internal/flows/execute.go:286.26,288.17 2 3
github.com/alexcabrera/ayo/internal/flows/execute.go:288.17,290.4 1 1
github.com/alexcabrera/ayo/internal/flows/execute.go:291.3,291.27 1 2
github.com/alexcabrera/ayo/internal/flows/execute.go:295.2,295.18 1 5
github.com/alexcabrera/ayo/internal/flows/execute.go:299.82,311.23 3 6
github.com/alexcabrera/ayo/internal/flows/execute.go:311.23,313.17 2 0
github.com/alexcabrera/ayo/internal/flows/execute.go:313.17,317.4 3 0
github.com/alexcabrera/ayo/internal/flows/execute.go:321.2,321.26 1 6
github.com/alexcabrera/ayo/internal/flows/execute.go:321.26,323.3 1 0
github.com/alexcabrera/ayo/internal/flows/execute.go:325.2,325.12 1 6
github.com/alexcabrera/ayo/internal/flows/execute.go:329.29,331.2 1 9
github.com/alexcabrera/ayo/internal/flows/execute.go:334.42,338.32 3 0
github.com/alexcabrera/ayo/internal/flows/execute.go:338.32,340.3 1 0
github.com/alexcabrera/ayo/internal/flows/execute.go:344.98,345.25 1 6
github.com/alexcabrera/ayo/internal/flows/execute.go:345.25,347.3 1 6
github.com/alexcabrera/ayo/internal/flows/execute.go:350.2,351.37 2 0
github.com/alexcabrera/ayo/internal/flows/execute.go:351.37,353.3 1 0
github.com/alexcabrera/ayo/internal/flows/execute.go:356.2,357.25 2 0
github.com/alexcabrera/ayo/internal/flows/execute.go:357.25,359.3 1 0
github.com/alexcabrera/ayo/internal/flows/execute.go:362.2,372.68 2 0
github.com/alexcabrera/ayo/internal/flows/execute.go:372.68,374.3 1 0
github.com/alexcabrera/ayo/internal/flows/flow.go:45.38,47.2 1 27
github.com/alexcabrera/ayo/internal/flows/flow.go:50.39,52.2 1 10
github.com/alexcabrera/ayo/internal/flows/frontmatter.go:24.56,30.21 3 28
github.com/alexcabrera/ayo/internal/flows/frontmatter.go:30.21,32.3 1 0
github.com/alexcabrera/ayo/internal/flows/frontmatter.go:35.2,35.48 1 28
github.com/alexcabrera/ayo/internal/flows/frontmatter.go:35.48,37.3 1 2
github.com/alexcabrera/ayo/internal/flows/frontmatter.go:40.2,41.34 2 26
github.com/alexcabrera/ayo/internal/flows/frontmatter.go:41.34,43.28 2 29
github.com/alexcabrera/ayo/internal/flows/frontmatter.go:43.28,45.9 2 22
github.com/alexcabrera/ayo/internal/flows/frontmatter.go:48.3,48.55 1 7
github.com/alexcabrera/ayo/internal/flows/frontmatter.go:48.55,49.12 1 3
github.com/alexcabrera/ayo/internal/flows/frontmatter.go:52.3,52.30 1 4
github.com/alexcabrera/ayo/internal/flows/frontmatter.go:55.2,55.21 1 22
github.com/alexcabrera/ayo/internal/flows/frontmatter.go:55.21,57.3 1 0
github.com/alexcabrera/ayo/internal/flows/frontmatter.go:60.2,61.46 2 22
github.com/alexcabrera/ayo/internal/flows/frontmatter.go:61.46,65.20 2 94
github.com/alexcabrera/ayo/internal/flows/frontmatter.go:65.20,66.12 1 23
github.com/alexcabrera/ayo/internal/flows/frontmatter.go:70.3,70.54 1 71
github.com/alexcabrera/ayo/internal/flows/frontmatter.go:70.54,73.48 2 51
github.com/alexcabrera/ayo/internal/flows/frontmatter.go:73.48,76.32 3 50
github.com/alexcabrera/ayo/internal/flows/frontmatter.go:76.32,78.14 2 50
github.com/alexcabrera/ayo/internal/flows/frontmatter.go:82.4,83.9 2 1
github.com/alexcabrera/ayo/internal/flows/frontmatter.go:87.3,88.8 2 20
github.com/alexcabrera/ayo/internal/flows/frontmatter.go:92.2,92.33 1 22
github.com/alexcabrera/ayo/internal/flows/frontmatter.go:92.33,97.79 3 21
github.com/alexcabrera/ayo/internal/flows/frontmatter.go:97.79,99.4 1 0
github.com/alexcabrera/ayo/internal/flows/frontmatter.go:101.3,101.31 1 21
github.com/alexcabrera/ayo/internal/flows/frontmatter.go:101.31,103.4 1 21
github.com/alexcabrera/ayo/internal/flows/frontmatter.go:106.2,106.17 1 22
github.com/alexcabrera/ayo/internal/flows/frontmatter.go:110.54,111.22 1 21
github.com/alexcabrera/ayo/internal/flows/frontmatter.go:111.22,113.3 1 3
github.com/alexcabrera/ayo/internal/flows/frontmatter.go:114.2,114.29 1 18
github.com/alexcabrera/ayo/internal/flows/frontmatter.go:114.29,116.3 1 1
github.com/alexcabrera/ayo/internal/flows/frontmatter.go:117.2,117.12 1 17
github.com/alexcabrera/ayo/internal/flows/frontmatter.go:122.40,123.13 1 60
github.com/alexcabrera/ayo/internal/flows/frontmatter.go:123.13,125.3 1 1
github.com/alexcabrera/ayo/internal/flows/frontmatter.go:126.2,126.22 1 59
github.com/alexcabrera/ayo/internal/flows/frontmatter.go:126.22,127.82 1 427
github.com/alexcabrera/ayo/internal/flows/frontmatter.go:127.82,129.4 1 4
github.com/alexcabrera/ayo/internal/flows/frontmatter.go:131.2,131.13 1 55
github.com/alexcabrera/ayo/internal/flows/history.go:49.61,51.2 1 9
github.com/alexcabrera/ayo/internal/flows/history.go:54.153,70.16 4 33
github.com/alexcabrera/ayo/internal/flows/history.go:70.16,72.3 1 0
github.com/alexcabrera/ayo/internal/flows/history.go:74.2,74.16 1 33
github.com/alexcabrera/ayo/internal/flows/history.go:88.138,105.16 5 33
github.com/alexcabrera/ayo/internal/flows/history.go:105.16,107.3 1 0
github.com/alexcabrera/ayo/internal/flows/history.go:109.2,109.39 1 33
github.com/alexcabrera/ayo/internal/flows/history.go:113.91,116.16 2 6
github.com/alexcabrera/ayo/internal/flows/history.go:116.16,118.3 1 4
github.com/alexcabrera/ayo/internal/flows/history.go:120.2,120.36 1 2
github.com/alexcabrera/ayo/internal/flows/history.go:120.36,122.3 1 0
github.com/alexcabrera/ayo/internal/flows/history.go:125.2,126.16 2 2
github.com/alexcabrera/ayo/internal/flows/history.go:126.16,128.3 1 0
github.com/alexcabrera/ayo/internal/flows/history.go:130.2,130.20 1 2
github.com/alexcabrera/ayo/internal/flows/history.go:130.20,132.3 1 1
github.com/alexcabrera/ayo/internal/flows/history.go:134.2,134.19 1 1
github.com/alexcabrera/ayo/internal/flows/history.go:134.19,136.3 1 0
github.com/alexcabrera/ayo/internal/flows/history.go:138.2,138.41 1 1
github.com/alexcabrera/ayo/internal/flows/history.go:142.94,144.16 2 6
github.com/alexcabrera/ayo/internal/flows/history.go:144.16,146.3 1 0
github.com/alexcabrera/ayo/internal/flows/history.go:148.2,151.9 3 6
github.com/alexcabrera/ayo/internal/flows/history.go:152.29,156.5 1 1
github.com/alexcabrera/ayo/internal/flows/history.go:157.27,161.5 1 1
github.com/alexcabrera/ayo/internal/flows/history.go:162.30,163.108 1 0
github.com/alexcabrera/ayo/internal/flows/history.go:164.10,165.51 1 4
github.com/alexcabrera/ayo/internal/flows/history.go:168.2,168.16 1 6
github.com/alexcabrera/ayo/internal/flows/history.go:168.16,170.3 1 0
github.com/alexcabrera/ayo/internal/flows/history.go:172.2,173.31 2 6
github.com/alexcabrera/ayo/internal/flows/history.go:173.31,175.3 1 19
github.com/alexcabrera/ayo/internal/flows/history.go:177.2,177.18 1 6
github.com/alexcabrera/ayo/internal/flows/history.go:181.93,183.16 2 1
github.com/alexcabrera/ayo/internal/flows/history.go:183.16,185.3 1 0
github.com/alexcabrera/ayo/internal/flows/history.go:187.2,187.39 1 1
github.com/alexcabrera/ayo/internal/flows/history.go:191.74,193.2 1 1
github.com/alexcabrera/ayo/internal/flows/history.go:196.86,199.2 2 1
github.com/alexcabrera/ayo/internal/flows/history.go:202.83,204.2 1 1
github.com/alexcabrera/ayo/internal/flows/history.go:207.91,208.20 1 0
github.com/alexcabrera/ayo/internal/flows/history.go:208.20,209.83 1 0
github.com/alexcabrera/ayo/internal/flows/history.go:209.83,211.4 1 0
github.com/alexcabrera/ayo/internal/flows/history.go:214.2,214.18 1 0
github.com/alexcabrera/ayo/internal/flows/history.go:214.18,215.55 1 0
github.com/alexcabrera/ayo/internal/flows/history.go:215.55,217.4 1 0
github.com/alexcabrera/ayo/internal/flows/history.go:220.2,220.12 1 0
github.com/alexcabrera/ayo/internal/flows/history.go:224.72,226.2 1 1
github.com/alexcabrera/ayo/internal/flows/history.go:229.95,231.2 1 1
github.com/alexcabrera/ayo/internal/flows/history.go:234.98,236.2 1 1
github.com/alexcabrera/ayo/internal/flows/history.go:240.44,242.2 1 198
github.com/alexcabrera/ayo/internal/flows/history.go:244.32,245.7 1 66
github.com/alexcabrera/ayo/internal/flows/history.go:245.7,247.3 1 2
github.com/alexcabrera/ayo/internal/flows/history.go:248.2,248.10 1 64
github.com/alexcabrera/ayo/internal/flows/history.go:251.32,253.2 1 116
github.com/alexcabrera/ayo/internal/flows/history.go:255.52,273.26 2 58
github.com/alexcabrera/ayo/internal/flows/history.go:273.26,276.3 2 57
github.com/alexcabrera/ayo/internal/flows/history.go:278.2,278.28 1 58
github.com/alexcabrera/ayo/internal/flows/history.go:278.28,281.3 2 57
github.com/alexcabrera/ayo/internal/flows/history.go:283.2,283.28 1 58
github.com/alexcabrera/ayo/internal/flows/history.go:283.28,285.3 1 57
github.com/alexcabrera/ayo/internal/flows/history.go:287.2,287.12 1 58
github.com/alexcabrera/ayo/internal/flows/validate.go:17.48,18.25 1 2
github.com/alexcabrera/ayo/internal/flows/validate.go:18.25,20.3 1 1
github.com/alexcabrera/ayo/internal/flows/validate.go:21.2,21.52 1 1
github.com/alexcabrera/ayo/internal/flows/validate.go:26.52,27.28 1 13
github.com/alexcabrera/ayo/internal/flows/validate.go:27.28,29.3 1 8
github.com/alexcabrera/ayo/internal/flows/validate.go:31.2,32.16 2 5
github.com/alexcabrera/ayo/internal/flows/validate.go:32.16,34.3 1 0
github.com/alexcabrera/ayo/internal/flows/validate.go:36.2,36.49 1 5
github.com/alexcabrera/ayo/internal/flows/validate.go:41.57,42.29 1 3
github.com/alexcabrera/ayo/internal/flows/validate.go:42.29,44.3 1 0
github.com/alexcabrera/ayo/internal/flows/validate.go:46.2,47.16 2 3
github.com/alexcabrera/ayo/internal/flows/validate.go:47.16,49.3 1 0
github.com/alexcabrera/ayo/internal/flows/validate.go:51.2,51.67 1 3
github.com/alexcabrera/ayo/internal/flows/validate.go:51.67,52.56 1 2
github.com/alexcabrera/ayo/internal/flows/validate.go:52.56,54.4 1 2
github.com/alexcabrera/ayo/internal/flows/validate.go:55.3,55.31 1 0
github.com/alexcabrera/ayo/internal/flows/validate.go:58.2,58.12 1 1
github.com/alexcabrera/ayo/internal/flows/validate.go:62.76,66.16 3 8
github.com/alexcabrera/ayo/internal/flows/validate.go:66.16,68.3 1 0
github.com/alexcabrera/ayo/internal/flows/validate.go:71.2,72.63 2 8
github.com/alexcabrera/ayo/internal/flows/validate.go:72.63,77.3 1 1
github.com/alexcabrera/ayo/internal/flows/validate.go:80.2,81.23 2 7
github.com/alexcabrera/ayo/internal/flows/validate.go:81.23,83.40 2 4
github.com/alexcabrera/ayo/internal/flows/validate.go:83.40,85.4 1 6
github.com/alexcabrera/ayo/internal/flows/validate.go:86.3,89.4 1 4
github.com/alexcabrera/ayo/internal/flows/validate.go:92.2,92.12 1 3
